{"/home/project/src/App.tsx": {"path":"/home/project/src/App.tsx","statementMap":{"0":{"start":{"line":1,"column":0},"end":{"line":1,"column":74}},"1":{"start":{"line":2,"column":0},"end":{"line":2,"column":33}},"2":{"start":{"line":3,"column":0},"end":{"line":3,"column":54}},"3":{"start":{"line":4,"column":0},"end":{"line":4,"column":48}},"4":{"start":{"line":5,"column":0},"end":{"line":5,"column":32}},"5":{"start":{"line":6,"column":0},"end":{"line":6,"column":34}},"6":{"start":{"line":7,"column":0},"end":{"line":7,"column":38}},"7":{"start":{"line":8,"column":0},"end":{"line":8,"column":38}},"8":{"start":{"line":9,"column":0},"end":{"line":9,"column":52}},"9":{"start":{"line":10,"column":0},"end":{"line":10,"column":41}},"10":{"start":{"line":11,"column":0},"end":{"line":11,"column":41}},"11":{"start":{"line":12,"column":0},"end":{"line":12,"column":62}},"12":{"start":{"line":13,"column":0},"end":{"line":13,"column":42}},"13":{"start":{"line":14,"column":0},"end":{"line":14,"column":66}},"14":{"start":{"line":15,"column":0},"end":{"line":15,"column":60}},"15":{"start":{"line":16,"column":0},"end":{"line":16,"column":54}},"16":{"start":{"line":17,"column":0},"end":{"line":17,"column":64}},"17":{"start":{"line":18,"column":0},"end":{"line":18,"column":62}},"18":{"start":{"line":19,"column":0},"end":{"line":19,"column":58}},"19":{"start":{"line":20,"column":0},"end":{"line":20,"column":60}},"20":{"start":{"line":21,"column":0},"end":{"line":21,"column":64}},"21":{"start":{"line":22,"column":0},"end":{"line":22,"column":54}},"22":{"start":{"line":23,"column":0},"end":{"line":23,"column":58}},"23":{"start":{"line":26,"column":2},"end":{"line":62,"column":4}},"24":{"start":{"line":65,"column":0},"end":{"line":65,"column":19}}},"fnMap":{"0":{"name":"App","decl":{"start":{"line":25,"column":9},"end":{"line":25,"column":12}},"loc":{"start":{"line":25,"column":12},"end":{"line":63,"column":1}}}},"branchMap":{},"s":{"0":0,"1":0,"2":0,"3":0,"4":0,"5":0,"6":0,"7":0,"8":0,"9":0,"10":0,"11":0,"12":0,"13":0,"14":0,"15":0,"16":0,"17":0,"18":0,"19":0,"20":0,"21":0,"22":0,"23":0,"24":0},"f":{"0":0},"b":{}}
,"/home/project/src/main.tsx": {"path":"/home/project/src/main.tsx","statementMap":{"0":{"start":{"line":1,"column":0},"end":{"line":1,"column":35}},"1":{"start":{"line":2,"column":0},"end":{"line":2,"column":46}},"2":{"start":{"line":3,"column":0},"end":{"line":3,"column":28}},"3":{"start":{"line":4,"column":0},"end":{"line":4,"column":21}},"4":{"start":{"line":5,"column":0},"end":{"line":5,"column":41}},"5":{"start":{"line":6,"column":0},"end":{"line":6,"column":50}},"6":{"start":{"line":9,"column":0},"end":{"line":9,"column":32}},"7":{"start":{"line":12,"column":0},"end":{"line":12,"column":20}},"8":{"start":{"line":14,"column":0},"end":{"line":18,"column":2}}},"fnMap":{},"branchMap":{},"s":{"0":0,"1":0,"2":0,"3":0,"4":0,"5":0,"6":0,"7":0,"8":0},"f":{},"b":{}}
,"/home/project/src/service-worker.ts": {"path":"/home/project/src/service-worker.ts","statementMap":{"0":{"start":{"line":3,"column":0},"end":{"line":3,"column":54}},"1":{"start":{"line":4,"column":0},"end":{"line":4,"column":48}},"2":{"start":{"line":5,"column":0},"end":{"line":5,"column":62}},"3":{"start":{"line":6,"column":0},"end":{"line":6,"column":54}},"4":{"start":{"line":11,"column":0},"end":{"line":11,"column":37}},"5":{"start":{"line":14,"column":0},"end":{"line":25,"column":2}},"6":{"start":{"line":15,"column":15},"end":{"line":15,"column":47}},"7":{"start":{"line":28,"column":0},"end":{"line":41,"column":2}},"8":{"start":{"line":29,"column":19},"end":{"line":31,"column":51}},"9":{"start":{"line":44,"column":0},"end":{"line":52,"column":3}},"10":{"start":{"line":45,"column":2},"end":{"line":51,"column":3}},"11":{"start":{"line":46,"column":4},"end":{"line":50,"column":6}},"12":{"start":{"line":48,"column":8},"end":{"line":48,"column":45}}},"fnMap":{"0":{"name":"(anonymous_0)","decl":{"start":{"line":15,"column":2},"end":{"line":15,"column":3}},"loc":{"start":{"line":15,"column":15},"end":{"line":15,"column":47}}},"1":{"name":"(anonymous_1)","decl":{"start":{"line":29,"column":2},"end":{"line":29,"column":3}},"loc":{"start":{"line":29,"column":19},"end":{"line":31,"column":51}}},"2":{"name":"(anonymous_2)","decl":{"start":{"line":44,"column":31},"end":{"line":44,"column":32}},"loc":{"start":{"line":44,"column":41},"end":{"line":52,"column":1}}},"3":{"name":"(anonymous_3)","decl":{"start":{"line":47,"column":33},"end":{"line":47,"column":36}},"loc":{"start":{"line":47,"column":38},"end":{"line":49,"column":7}}}},"branchMap":{"0":{"loc":{"start":{"line":29,"column":19},"end":{"line":31,"column":51}},"type":"binary-expr","locations":[{"start":{"line":29,"column":19},"end":{"line":29,"column":50}},{"start":{"line":30,"column":19},"end":{"line":30,"column":50}},{"start":{"line":31,"column":19},"end":{"line":31,"column":51}}]},"1":{"loc":{"start":{"line":45,"column":2},"end":{"line":51,"column":3}},"type":"if","locations":[{"start":{"line":45,"column":2},"end":{"line":51,"column":3}}]}},"s":{"0":0,"1":0,"2":0,"3":0,"4":0,"5":0,"6":0,"7":0,"8":0,"9":0,"10":0,"11":0,"12":0},"f":{"0":0,"1":0,"2":0,"3":0},"b":{"0":[0,0,0],"1":[0]}}
,"/home/project/src/components/admin/CashflowSettings.tsx": {"path":"/home/project/src/components/admin/CashflowSettings.tsx","statementMap":{"0":{"start":{"line":23,"column":0},"end":{"line":23,"column":24}},"1":{"start":{"line":1,"column":0},"end":{"line":1,"column":51}},"2":{"start":{"line":2,"column":0},"end":{"line":2,"column":42}},"3":{"start":{"line":3,"column":0},"end":{"line":3,"column":54}},"4":{"start":{"line":4,"column":0},"end":{"line":4,"column":24}},"5":{"start":{"line":5,"column":0},"end":{"line":5,"column":39}},"6":{"start":{"line":6,"column":0},"end":{"line":6,"column":31}},"7":{"start":{"line":7,"column":0},"end":{"line":7,"column":46}},"8":{"start":{"line":9,"column":0},"end":{"line":9,"column":33}},"9":{"start":{"line":11,"column":23},"end":{"line":19,"column":2}},"10":{"start":{"line":14,"column":22},"end":{"line":14,"column":45}},"11":{"start":{"line":18,"column":22},"end":{"line":18,"column":45}},"12":{"start":{"line":24,"column":32},"end":{"line":24,"column":46}},"13":{"start":{"line":25,"column":70},"end":{"line":27,"column":4}},"14":{"start":{"line":29,"column":2},"end":{"line":31,"column":23}},"15":{"start":{"line":30,"column":4},"end":{"line":30,"column":19}},"16":{"start":{"line":33,"column":23},"end":{"line":54,"column":3}},"17":{"start":{"line":34,"column":4},"end":{"line":53,"column":5}},"18":{"start":{"line":35,"column":35},"end":{"line":39,"column":17}},"19":{"start":{"line":41,"column":6},"end":{"line":41,"column":29}},"20":{"start":{"line":41,"column":17},"end":{"line":41,"column":29}},"21":{"start":{"line":43,"column":6},"end":{"line":47,"column":7}},"22":{"start":{"line":44,"column":8},"end":{"line":44,"column":68}},"23":{"start":{"line":45,"column":8},"end":{"line":45,"column":54}},"24":{"start":{"line":46,"column":8},"end":{"line":46,"column":62}},"25":{"start":{"line":49,"column":6},"end":{"line":49,"column":54}},"26":{"start":{"line":50,"column":6},"end":{"line":50,"column":45}},"27":{"start":{"line":52,"column":6},"end":{"line":52,"column":24}},"28":{"start":{"line":56,"column":19},"end":{"line":73,"column":3}},"29":{"start":{"line":57,"column":4},"end":{"line":72,"column":5}},"30":{"start":{"line":58,"column":24},"end":{"line":65,"column":33}},"31":{"start":{"line":67,"column":6},"end":{"line":67,"column":29}},"32":{"start":{"line":67,"column":17},"end":{"line":67,"column":29}},"33":{"start":{"line":68,"column":6},"end":{"line":68,"column":53}},"34":{"start":{"line":70,"column":6},"end":{"line":70,"column":53}},"35":{"start":{"line":71,"column":6},"end":{"line":71,"column":45}},"36":{"start":{"line":75,"column":2},"end":{"line":81,"column":3}},"37":{"start":{"line":76,"column":4},"end":{"line":80,"column":6}},"38":{"start":{"line":83,"column":2},"end":{"line":162,"column":4}}},"fnMap":{"0":{"name":"(anonymous_0)","decl":{"start":{"line":14,"column":15},"end":{"line":14,"column":18}},"loc":{"start":{"line":14,"column":22},"end":{"line":14,"column":45}}},"1":{"name":"(anonymous_1)","decl":{"start":{"line":18,"column":15},"end":{"line":18,"column":18}},"loc":{"start":{"line":18,"column":22},"end":{"line":18,"column":45}}},"2":{"name":"CashflowSettings","decl":{"start":{"line":23,"column":24},"end":{"line":23,"column":40}},"loc":{"start":{"line":23,"column":87},"end":{"line":163,"column":1}}},"3":{"name":"(anonymous_3)","decl":{"start":{"line":29,"column":12},"end":{"line":29,"column":15}},"loc":{"start":{"line":29,"column":17},"end":{"line":31,"column":3}}},"4":{"name":"(anonymous_4)","decl":{"start":{"line":33,"column":23},"end":{"line":33,"column":28}},"loc":{"start":{"line":33,"column":34},"end":{"line":54,"column":3}}},"5":{"name":"(anonymous_5)","decl":{"start":{"line":56,"column":19},"end":{"line":56,"column":24}},"loc":{"start":{"line":56,"column":48},"end":{"line":73,"column":3}}}},"branchMap":{"0":{"loc":{"start":{"line":14,"column":34},"end":{"line":14,"column":44}},"type":"binary-expr","locations":[{"start":{"line":14,"column":34},"end":{"line":14,"column":37}},{"start":{"line":14,"column":41},"end":{"line":14,"column":44}}]},"1":{"loc":{"start":{"line":18,"column":34},"end":{"line":18,"column":44}},"type":"binary-expr","locations":[{"start":{"line":18,"column":34},"end":{"line":18,"column":37}},{"start":{"line":18,"column":41},"end":{"line":18,"column":44}}]},"2":{"loc":{"start":{"line":41,"column":6},"end":{"line":41,"column":29}},"type":"if","locations":[{"start":{"line":41,"column":6},"end":{"line":41,"column":29}}]},"3":{"loc":{"start":{"line":43,"column":6},"end":{"line":47,"column":7}},"type":"if","locations":[{"start":{"line":43,"column":6},"end":{"line":47,"column":7}}]},"4":{"loc":{"start":{"line":44,"column":38},"end":{"line":44,"column":66}},"type":"binary-expr","locations":[{"start":{"line":44,"column":38},"end":{"line":44,"column":60}},{"start":{"line":44,"column":64},"end":{"line":44,"column":66}}]},"5":{"loc":{"start":{"line":45,"column":31},"end":{"line":45,"column":52}},"type":"binary-expr","locations":[{"start":{"line":45,"column":31},"end":{"line":45,"column":46}},{"start":{"line":45,"column":50},"end":{"line":45,"column":52}}]},"6":{"loc":{"start":{"line":46,"column":35},"end":{"line":46,"column":60}},"type":"binary-expr","locations":[{"start":{"line":46,"column":35},"end":{"line":46,"column":54}},{"start":{"line":46,"column":58},"end":{"line":46,"column":60}}]},"7":{"loc":{"start":{"line":67,"column":6},"end":{"line":67,"column":29}},"type":"if","locations":[{"start":{"line":67,"column":6},"end":{"line":67,"column":29}}]},"8":{"loc":{"start":{"line":75,"column":2},"end":{"line":81,"column":3}},"type":"if","locations":[{"start":{"line":75,"column":2},"end":{"line":81,"column":3}}]},"9":{"loc":{"start":{"line":103,"column":13},"end":{"line":104,"column":null}},"type":"binary-expr","locations":[{"start":{"line":103,"column":13},"end":{"line":103,"column":37}},{"start":{"line":104,"column":14},"end":{"line":104,"column":93}}]},"10":{"loc":{"start":{"line":120,"column":13},"end":{"line":121,"column":null}},"type":"binary-expr","locations":[{"start":{"line":120,"column":13},"end":{"line":120,"column":30}},{"start":{"line":121,"column":14},"end":{"line":121,"column":86}}]},"11":{"loc":{"start":{"line":143,"column":13},"end":{"line":144,"column":null}},"type":"binary-expr","locations":[{"start":{"line":143,"column":13},"end":{"line":143,"column":34}},{"start":{"line":144,"column":14},"end":{"line":144,"column":90}}]}},"s":{"0":0,"1":0,"2":0,"3":0,"4":0,"5":0,"6":0,"7":0,"8":0,"9":0,"10":0,"11":0,"12":0,"13":0,"14":0,"15":0,"16":0,"17":0,"18":0,"19":0,"20":0,"21":0,"22":0,"23":0,"24":0,"25":0,"26":0,"27":0,"28":0,"29":0,"30":0,"31":0,"32":0,"33":0,"34":0,"35":0,"36":0,"37":0,"38":0},"f":{"0":0,"1":0,"2":0,"3":0,"4":0,"5":0},"b":{"0":[0,0],"1":[0,0],"2":[0],"3":[0],"4":[0,0],"5":[0,0],"6":[0,0],"7":[0],"8":[0],"9":[0,0],"10":[0,0],"11":[0,0]}}
,"/home/project/src/components/auth/LoginForm.tsx": {"path":"/home/project/src/components/auth/LoginForm.tsx","statementMap":{"0":{"start":{"line":5,"column":0},"end":{"line":5,"column":24}},"1":{"start":{"line":1,"column":0},"end":{"line":1,"column":47}},"2":{"start":{"line":2,"column":0},"end":{"line":2,"column":53}},"3":{"start":{"line":3,"column":0},"end":{"line":3,"column":46}},"4":{"start":{"line":6,"column":2},"end":{"line":24,"column":4}}},"fnMap":{"0":{"name":"LoginForm","decl":{"start":{"line":5,"column":24},"end":{"line":5,"column":33}},"loc":{"start":{"line":5,"column":33},"end":{"line":25,"column":1}}}},"branchMap":{},"s":{"0":0,"1":0,"2":0,"3":0,"4":0},"f":{"0":0},"b":{}}
,"/home/project/src/components/auth/ProtectedRoute.tsx": {"path":"/home/project/src/components/auth/ProtectedRoute.tsx","statementMap":{"0":{"start":{"line":4,"column":0},"end":{"line":4,"column":24}},"1":{"start":{"line":1,"column":0},"end":{"line":1,"column":44}},"2":{"start":{"line":2,"column":0},"end":{"line":2,"column":53}},"3":{"start":{"line":5,"column":28},"end":{"line":5,"column":37}},"4":{"start":{"line":7,"column":2},"end":{"line":9,"column":3}},"5":{"start":{"line":8,"column":4},"end":{"line":8,"column":16}},"6":{"start":{"line":11,"column":2},"end":{"line":13,"column":3}},"7":{"start":{"line":12,"column":4},"end":{"line":12,"column":36}},"8":{"start":{"line":15,"column":2},"end":{"line":15,"column":25}}},"fnMap":{"0":{"name":"ProtectedRoute","decl":{"start":{"line":4,"column":24},"end":{"line":4,"column":38}},"loc":{"start":{"line":4,"column":82},"end":{"line":16,"column":1}}}},"branchMap":{"0":{"loc":{"start":{"line":7,"column":2},"end":{"line":9,"column":3}},"type":"if","locations":[{"start":{"line":7,"column":2},"end":{"line":9,"column":3}}]},"1":{"loc":{"start":{"line":11,"column":2},"end":{"line":13,"column":3}},"type":"if","locations":[{"start":{"line":11,"column":2},"end":{"line":13,"column":3}}]}},"s":{"0":0,"1":0,"2":0,"3":0,"4":0,"5":0,"6":0,"7":0,"8":0},"f":{"0":0},"b":{"0":[0],"1":[0]}}
,"/home/project/src/components/chat/ChatWidget.tsx": {"path":"/home/project/src/components/chat/ChatWidget.tsx","statementMap":{"0":{"start":{"line":13,"column":0},"end":{"line":13,"column":24}},"1":{"start":{"line":1,"column":0},"end":{"line":1,"column":59}},"2":{"start":{"line":2,"column":0},"end":{"line":2,"column":85}},"3":{"start":{"line":3,"column":0},"end":{"line":3,"column":46}},"4":{"start":{"line":14,"column":30},"end":{"line":14,"column":45}},"5":{"start":{"line":15,"column":34},"end":{"line":15,"column":57}},"6":{"start":{"line":16,"column":28},"end":{"line":16,"column":40}},"7":{"start":{"line":17,"column":32},"end":{"line":17,"column":47}},"8":{"start":{"line":18,"column":25},"end":{"line":18,"column":53}},"9":{"start":{"line":20,"column":25},"end":{"line":22,"column":3}},"10":{"start":{"line":21,"column":4},"end":{"line":21,"column":67}},"11":{"start":{"line":24,"column":2},"end":{"line":26,"column":17}},"12":{"start":{"line":25,"column":4},"end":{"line":25,"column":21}},"13":{"start":{"line":28,"column":25},"end":{"line":40,"column":3}},"14":{"start":{"line":29,"column":4},"end":{"line":31,"column":7}},"15":{"start":{"line":29,"column":24},"end":{"line":30,"column":null}},"16":{"start":{"line":30,"column":6},"end":{"line":30,"column":55}},"17":{"start":{"line":33,"column":4},"end":{"line":39,"column":5}},"18":{"start":{"line":34,"column":6},"end":{"line":36,"column":9}},"19":{"start":{"line":38,"column":6},"end":{"line":38,"column":55}},"20":{"start":{"line":42,"column":23},"end":{"line":87,"column":3}},"21":{"start":{"line":43,"column":4},"end":{"line":43,"column":23}},"22":{"start":{"line":44,"column":4},"end":{"line":44,"column":41}},"23":{"start":{"line":44,"column":34},"end":{"line":44,"column":41}},"24":{"start":{"line":46,"column":24},"end":{"line":51,"column":6}},"25":{"start":{"line":53,"column":4},"end":{"line":53,"column":48}},"26":{"start":{"line":53,"column":24},"end":{"line":53,"column":46}},"27":{"start":{"line":54,"column":4},"end":{"line":54,"column":17}},"28":{"start":{"line":55,"column":4},"end":{"line":55,"column":21}},"29":{"start":{"line":57,"column":4},"end":{"line":86,"column":5}},"30":{"start":{"line":58,"column":30},"end":{"line":60,"column":8}},"31":{"start":{"line":62,"column":6},"end":{"line":62,"column":29}},"32":{"start":{"line":62,"column":17},"end":{"line":62,"column":29}},"33":{"start":{"line":64,"column":6},"end":{"line":72,"column":9}},"34":{"start":{"line":64,"column":26},"end":{"line":72,"column":8}},"35":{"start":{"line":74,"column":6},"end":{"line":74,"column":45}},"36":{"start":{"line":75,"column":6},"end":{"line":83,"column":9}},"37":{"start":{"line":75,"column":26},"end":{"line":83,"column":8}},"38":{"start":{"line":85,"column":6},"end":{"line":85,"column":24}},"39":{"start":{"line":89,"column":2},"end":{"line":194,"column":4}},"40":{"start":{"line":93,"column":25},"end":{"line":93,"column":40}},"41":{"start":{"line":105,"column":29},"end":{"line":105,"column":45}},"42":{"start":{"line":121,"column":16},"end":{"line":122,"column":null}},"43":{"start":{"line":140,"column":41},"end":{"line":140,"column":79}},"44":{"start":{"line":146,"column":41},"end":{"line":146,"column":79}},"45":{"start":{"line":177,"column":33},"end":{"line":177,"column":57}}},"fnMap":{"0":{"name":"ChatWidget","decl":{"start":{"line":13,"column":24},"end":{"line":13,"column":34}},"loc":{"start":{"line":13,"column":34},"end":{"line":195,"column":1}}},"1":{"name":"(anonymous_1)","decl":{"start":{"line":20,"column":25},"end":{"line":20,"column":28}},"loc":{"start":{"line":20,"column":30},"end":{"line":22,"column":3}}},"2":{"name":"(anonymous_2)","decl":{"start":{"line":24,"column":12},"end":{"line":24,"column":15}},"loc":{"start":{"line":24,"column":17},"end":{"line":26,"column":3}}},"3":{"name":"(anonymous_3)","decl":{"start":{"line":28,"column":25},"end":{"line":28,"column":30}},"loc":{"start":{"line":28,"column":88},"end":{"line":40,"column":3}}},"4":{"name":"(anonymous_4)","decl":{"start":{"line":29,"column":16},"end":{"line":29,"column":20}},"loc":{"start":{"line":29,"column":24},"end":{"line":30,"column":null}}},"5":{"name":"(anonymous_5)","decl":{"start":{"line":29,"column":33},"end":{"line":29,"column":36}},"loc":{"start":{"line":30,"column":6},"end":{"line":30,"column":55}}},"6":{"name":"(anonymous_6)","decl":{"start":{"line":42,"column":23},"end":{"line":42,"column":28}},"loc":{"start":{"line":42,"column":52},"end":{"line":87,"column":3}}},"7":{"name":"(anonymous_7)","decl":{"start":{"line":53,"column":16},"end":{"line":53,"column":20}},"loc":{"start":{"line":53,"column":24},"end":{"line":53,"column":46}}},"8":{"name":"(anonymous_8)","decl":{"start":{"line":64,"column":18},"end":{"line":64,"column":22}},"loc":{"start":{"line":64,"column":26},"end":{"line":72,"column":8}}},"9":{"name":"(anonymous_9)","decl":{"start":{"line":75,"column":18},"end":{"line":75,"column":22}},"loc":{"start":{"line":75,"column":26},"end":{"line":83,"column":8}}},"10":{"name":"(anonymous_10)","decl":{"start":{"line":93,"column":19},"end":{"line":93,"column":22}},"loc":{"start":{"line":93,"column":25},"end":{"line":93,"column":40}}},"11":{"name":"(anonymous_11)","decl":{"start":{"line":105,"column":23},"end":{"line":105,"column":26}},"loc":{"start":{"line":105,"column":29},"end":{"line":105,"column":45}}},"12":{"name":"(anonymous_12)","decl":{"start":{"line":120,"column":28},"end":{"line":120,"column":29}},"loc":{"start":{"line":121,"column":16},"end":{"line":122,"column":null}}},"13":{"name":"(anonymous_13)","decl":{"start":{"line":140,"column":35},"end":{"line":140,"column":38}},"loc":{"start":{"line":140,"column":41},"end":{"line":140,"column":79}}},"14":{"name":"(anonymous_14)","decl":{"start":{"line":146,"column":35},"end":{"line":146,"column":38}},"loc":{"start":{"line":146,"column":41},"end":{"line":146,"column":79}}},"15":{"name":"(anonymous_15)","decl":{"start":{"line":177,"column":26},"end":{"line":177,"column":27}},"loc":{"start":{"line":177,"column":33},"end":{"line":177,"column":57}}}},"branchMap":{"0":{"loc":{"start":{"line":30,"column":6},"end":{"line":30,"column":55}},"type":"cond-expr","locations":[{"start":{"line":30,"column":29},"end":{"line":30,"column":49}},{"start":{"line":30,"column":52},"end":{"line":30,"column":55}}]},"1":{"loc":{"start":{"line":44,"column":4},"end":{"line":44,"column":41}},"type":"if","locations":[{"start":{"line":44,"column":4},"end":{"line":44,"column":41}}]},"2":{"loc":{"start":{"line":44,"column":8},"end":{"line":44,"column":32}},"type":"binary-expr","locations":[{"start":{"line":44,"column":8},"end":{"line":44,"column":21}},{"start":{"line":44,"column":25},"end":{"line":44,"column":32}}]},"3":{"loc":{"start":{"line":62,"column":6},"end":{"line":62,"column":29}},"type":"if","locations":[{"start":{"line":62,"column":6},"end":{"line":62,"column":29}}]},"4":{"loc":{"start":{"line":91,"column":7},"end":{"line":97,"column":null}},"type":"binary-expr","locations":[{"start":{"line":91,"column":7},"end":{"line":91,"column":14}},{"start":{"line":92,"column":8},"end":{"line":96,"column":null}}]},"5":{"loc":{"start":{"line":100,"column":7},"end":{"line":191,"column":null}},"type":"binary-expr","locations":[{"start":{"line":100,"column":7},"end":{"line":100,"column":13}},{"start":{"line":101,"column":8},"end":{"line":190,"column":null}}]},"6":{"loc":{"start":{"line":113,"column":13},"end":{"line":117,"column":null}},"type":"binary-expr","locations":[{"start":{"line":113,"column":13},"end":{"line":113,"column":34}},{"start":{"line":114,"column":14},"end":{"line":116,"column":null}}]},"7":{"loc":{"start":{"line":124,"column":20},"end":{"line":124,"column":null}},"type":"cond-expr","locations":[{"start":{"line":124,"column":46},"end":{"line":124,"column":59}},{"start":{"line":124,"column":62},"end":{"line":124,"column":null}}]},"8":{"loc":{"start":{"line":130,"column":24},"end":{"line":132,"column":null}},"type":"cond-expr","locations":[{"start":{"line":131,"column":28},"end":{"line":131,"column":52}},{"start":{"line":132,"column":28},"end":{"line":132,"column":null}}]},"9":{"loc":{"start":{"line":137,"column":21},"end":{"line":151,"column":null}},"type":"binary-expr","locations":[{"start":{"line":137,"column":21},"end":{"line":137,"column":49}},{"start":{"line":137,"column":53},"end":{"line":137,"column":70}},{"start":{"line":138,"column":22},"end":{"line":150,"column":null}}]},"10":{"loc":{"start":{"line":153,"column":21},"end":{"line":156,"column":null}},"type":"binary-expr","locations":[{"start":{"line":153,"column":21},"end":{"line":153,"column":37}},{"start":{"line":154,"column":22},"end":{"line":154,"column":null}}]},"11":{"loc":{"start":{"line":161,"column":15},"end":{"line":166,"column":null}},"type":"binary-expr","locations":[{"start":{"line":161,"column":15},"end":{"line":161,"column":22}},{"start":{"line":162,"column":16},"end":{"line":165,"column":null}}]},"12":{"loc":{"start":{"line":184,"column":26},"end":{"line":184,"column":50}},"type":"binary-expr","locations":[{"start":{"line":184,"column":26},"end":{"line":184,"column":33}},{"start":{"line":184,"column":37},"end":{"line":184,"column":50}}]}},"s":{"0":0,"1":0,"2":0,"3":0,"4":0,"5":0,"6":0,"7":0,"8":0,"9":0,"10":0,"11":0,"12":0,"13":0,"14":0,"15":0,"16":0,"17":0,"18":0,"19":0,"20":0,"21":0,"22":0,"23":0,"24":0,"25":0,"26":0,"27":0,"28":0,"29":0,"30":0,"31":0,"32":0,"33":0,"34":0,"35":0,"36":0,"37":0,"38":0,"39":0,"40":0,"41":0,"42":0,"43":0,"44":0,"45":0},"f":{"0":0,"1":0,"2":0,"3":0,"4":0,"5":0,"6":0,"7":0,"8":0,"9":0,"10":0,"11":0,"12":0,"13":0,"14":0,"15":0},"b":{"0":[0,0],"1":[0],"2":[0,0],"3":[0],"4":[0,0],"5":[0,0],"6":[0,0],"7":[0,0],"8":[0,0],"9":[0,0,0],"10":[0,0],"11":[0,0],"12":[0,0]}}
,"/home/project/src/components/dashboard/admin/ArchiveClientModal.tsx": {"path":"/home/project/src/components/dashboard/admin/ArchiveClientModal.tsx","statementMap":{"0":{"start":{"line":13,"column":0},"end":{"line":13,"column":24}},"1":{"start":{"line":1,"column":0},"end":{"line":1,"column":40}},"2":{"start":{"line":2,"column":0},"end":{"line":2,"column":31}},"3":{"start":{"line":3,"column":0},"end":{"line":3,"column":42}},"4":{"start":{"line":4,"column":0},"end":{"line":4,"column":49}},"5":{"start":{"line":19,"column":30},"end":{"line":19,"column":42}},"6":{"start":{"line":20,"column":40},"end":{"line":20,"column":52}},"7":{"start":{"line":21,"column":32},"end":{"line":21,"column":47}},"8":{"start":{"line":23,"column":23},"end":{"line":49,"column":3}},"9":{"start":{"line":24,"column":4},"end":{"line":24,"column":23}},"10":{"start":{"line":25,"column":4},"end":{"line":28,"column":5}},"11":{"start":{"line":26,"column":6},"end":{"line":26,"column":59}},"12":{"start":{"line":27,"column":6},"end":{"line":27,"column":13}},"13":{"start":{"line":30,"column":4},"end":{"line":30,"column":21}},"14":{"start":{"line":31,"column":4},"end":{"line":48,"column":5}},"15":{"start":{"line":32,"column":24},"end":{"line":36,"column":8}},"16":{"start":{"line":38,"column":6},"end":{"line":38,"column":29}},"17":{"start":{"line":38,"column":17},"end":{"line":38,"column":29}},"18":{"start":{"line":40,"column":6},"end":{"line":40,"column":52}},"19":{"start":{"line":41,"column":6},"end":{"line":41,"column":19}},"20":{"start":{"line":42,"column":6},"end":{"line":42,"column":16}},"21":{"start":{"line":44,"column":6},"end":{"line":44,"column":45}},"22":{"start":{"line":45,"column":6},"end":{"line":45,"column":46}},"23":{"start":{"line":47,"column":6},"end":{"line":47,"column":24}},"24":{"start":{"line":51,"column":2},"end":{"line":126,"column":4}},"25":{"start":{"line":77,"column":33},"end":{"line":77,"column":58}},"26":{"start":{"line":92,"column":33},"end":{"line":92,"column":73}}},"fnMap":{"0":{"name":"ArchiveClientModal","decl":{"start":{"line":13,"column":24},"end":{"line":13,"column":42}},"loc":{"start":{"line":18,"column":8},"end":{"line":127,"column":1}}},"1":{"name":"(anonymous_1)","decl":{"start":{"line":23,"column":23},"end":{"line":23,"column":28}},"loc":{"start":{"line":23,"column":52},"end":{"line":49,"column":3}}},"2":{"name":"(anonymous_2)","decl":{"start":{"line":77,"column":26},"end":{"line":77,"column":27}},"loc":{"start":{"line":77,"column":33},"end":{"line":77,"column":58}}},"3":{"name":"(anonymous_3)","decl":{"start":{"line":92,"column":26},"end":{"line":92,"column":27}},"loc":{"start":{"line":92,"column":33},"end":{"line":92,"column":73}}}},"branchMap":{"0":{"loc":{"start":{"line":25,"column":4},"end":{"line":28,"column":5}},"type":"if","locations":[{"start":{"line":25,"column":4},"end":{"line":28,"column":5}}]},"1":{"loc":{"start":{"line":38,"column":6},"end":{"line":38,"column":29}},"type":"if","locations":[{"start":{"line":38,"column":6},"end":{"line":38,"column":29}}]},"2":{"loc":{"start":{"line":113,"column":24},"end":{"line":113,"column":42}},"type":"binary-expr","locations":[{"start":{"line":113,"column":24},"end":{"line":113,"column":31}},{"start":{"line":113,"column":35},"end":{"line":113,"column":42}}]},"3":{"loc":{"start":{"line":116,"column":15},"end":{"line":119,"column":null}},"type":"cond-expr","locations":[{"start":{"line":117,"column":16},"end":{"line":117,"column":60}},{"start":{"line":119,"column":16},"end":{"line":119,"column":32}}]}},"s":{"0":0,"1":0,"2":0,"3":0,"4":0,"5":0,"6":0,"7":0,"8":0,"9":0,"10":0,"11":0,"12":0,"13":0,"14":0,"15":0,"16":0,"17":0,"18":0,"19":0,"20":0,"21":0,"22":0,"23":0,"24":0,"25":0,"26":0},"f":{"0":0,"1":0,"2":0,"3":0},"b":{"0":[0],"1":[0],"2":[0,0],"3":[0,0]}}
,"/home/project/src/components/dashboard/alerts/RiskAlertsList.tsx": {"path":"/home/project/src/components/dashboard/alerts/RiskAlertsList.tsx","statementMap":{"0":{"start":{"line":30,"column":0},"end":{"line":30,"column":24}},"1":{"start":{"line":1,"column":0},"end":{"line":1,"column":51}},"2":{"start":{"line":2,"column":0},"end":{"line":2,"column":65}},"3":{"start":{"line":3,"column":0},"end":{"line":3,"column":49}},"4":{"start":{"line":4,"column":0},"end":{"line":4,"column":81}},"5":{"start":{"line":5,"column":0},"end":{"line":5,"column":47}},"6":{"start":{"line":6,"column":0},"end":{"line":6,"column":37}},"7":{"start":{"line":7,"column":0},"end":{"line":7,"column":33}},"8":{"start":{"line":31,"column":46},"end":{"line":31,"column":75}},"9":{"start":{"line":32,"column":40},"end":{"line":32,"column":66}},"10":{"start":{"line":33,"column":32},"end":{"line":33,"column":46}},"11":{"start":{"line":34,"column":27},"end":{"line":34,"column":58}},"12":{"start":{"line":36,"column":2},"end":{"line":40,"column":23}},"13":{"start":{"line":37,"column":4},"end":{"line":39,"column":5}},"14":{"start":{"line":38,"column":6},"end":{"line":38,"column":20}},"15":{"start":{"line":42,"column":22},"end":{"line":71,"column":3}},"16":{"start":{"line":43,"column":4},"end":{"line":70,"column":5}},"17":{"start":{"line":44,"column":6},"end":{"line":44,"column":23}},"18":{"start":{"line":47,"column":55},"end":{"line":51,"column":52}},"19":{"start":{"line":53,"column":6},"end":{"line":53,"column":45}},"20":{"start":{"line":53,"column":25},"end":{"line":53,"column":45}},"21":{"start":{"line":56,"column":49},"end":{"line":60,"column":50}},"22":{"start":{"line":62,"column":6},"end":{"line":62,"column":39}},"23":{"start":{"line":62,"column":22},"end":{"line":62,"column":39}},"24":{"start":{"line":64,"column":6},"end":{"line":64,"column":40}},"25":{"start":{"line":65,"column":6},"end":{"line":65,"column":34}},"26":{"start":{"line":67,"column":6},"end":{"line":67,"column":53}},"27":{"start":{"line":69,"column":6},"end":{"line":69,"column":24}},"28":{"start":{"line":73,"column":23},"end":{"line":99,"column":3}},"29":{"start":{"line":74,"column":4},"end":{"line":98,"column":5}},"30":{"start":{"line":75,"column":6},"end":{"line":93,"column":7}},"31":{"start":{"line":76,"column":26},"end":{"line":79,"column":23}},"32":{"start":{"line":81,"column":8},"end":{"line":81,"column":31}},"33":{"start":{"line":81,"column":19},"end":{"line":81,"column":31}},"34":{"start":{"line":83,"column":26},"end":{"line":90,"column":23}},"35":{"start":{"line":88,"column":61},"end":{"line":88,"column":78}},"36":{"start":{"line":92,"column":8},"end":{"line":92,"column":31}},"37":{"start":{"line":92,"column":19},"end":{"line":92,"column":31}},"38":{"start":{"line":95,"column":6},"end":{"line":95,"column":20}},"39":{"start":{"line":97,"column":6},"end":{"line":97,"column":53}},"40":{"start":{"line":101,"column":25},"end":{"line":103,"column":3}},"41":{"start":{"line":102,"column":4},"end":{"line":102,"column":41}},"42":{"start":{"line":105,"column":2},"end":{"line":111,"column":3}},"43":{"start":{"line":106,"column":4},"end":{"line":110,"column":6}},"44":{"start":{"line":113,"column":20},"end":{"line":113,"column":71}},"45":{"start":{"line":115,"column":2},"end":{"line":127,"column":3}},"46":{"start":{"line":116,"column":4},"end":{"line":126,"column":6}},"47":{"start":{"line":129,"column":2},"end":{"line":222,"column":4}},"48":{"start":{"line":139,"column":14},"end":{"line":139,"column":34}},"49":{"start":{"line":160,"column":37},"end":{"line":160,"column":71}},"50":{"start":{"line":180,"column":14},"end":{"line":180,"column":34}},"51":{"start":{"line":210,"column":37},"end":{"line":210,"column":68}}},"fnMap":{"0":{"name":"RiskAlertsList","decl":{"start":{"line":30,"column":24},"end":{"line":30,"column":38}},"loc":{"start":{"line":30,"column":85},"end":{"line":223,"column":1}}},"1":{"name":"(anonymous_1)","decl":{"start":{"line":36,"column":12},"end":{"line":36,"column":15}},"loc":{"start":{"line":36,"column":17},"end":{"line":40,"column":3}}},"2":{"name":"(anonymous_2)","decl":{"start":{"line":42,"column":22},"end":{"line":42,"column":27}},"loc":{"start":{"line":42,"column":33},"end":{"line":71,"column":3}}},"3":{"name":"(anonymous_3)","decl":{"start":{"line":73,"column":23},"end":{"line":73,"column":28}},"loc":{"start":{"line":73,"column":72},"end":{"line":99,"column":3}}},"4":{"name":"(anonymous_4)","decl":{"start":{"line":88,"column":54},"end":{"line":88,"column":57}},"loc":{"start":{"line":88,"column":61},"end":{"line":88,"column":78}}},"5":{"name":"(anonymous_5)","decl":{"start":{"line":101,"column":25},"end":{"line":101,"column":26}},"loc":{"start":{"line":101,"column":43},"end":{"line":103,"column":3}}},"6":{"name":"(anonymous_6)","decl":{"start":{"line":138,"column":32},"end":{"line":138,"column":33}},"loc":{"start":{"line":139,"column":14},"end":{"line":139,"column":34}}},"7":{"name":"(anonymous_7)","decl":{"start":{"line":160,"column":31},"end":{"line":160,"column":34}},"loc":{"start":{"line":160,"column":37},"end":{"line":160,"column":71}}},"8":{"name":"(anonymous_8)","decl":{"start":{"line":179,"column":29},"end":{"line":179,"column":30}},"loc":{"start":{"line":180,"column":14},"end":{"line":180,"column":34}}},"9":{"name":"(anonymous_9)","decl":{"start":{"line":210,"column":31},"end":{"line":210,"column":34}},"loc":{"start":{"line":210,"column":37},"end":{"line":210,"column":68}}}},"branchMap":{"0":{"loc":{"start":{"line":37,"column":4},"end":{"line":39,"column":5}},"type":"if","locations":[{"start":{"line":37,"column":4},"end":{"line":39,"column":5}}]},"1":{"loc":{"start":{"line":53,"column":6},"end":{"line":53,"column":45}},"type":"if","locations":[{"start":{"line":53,"column":6},"end":{"line":53,"column":45}}]},"2":{"loc":{"start":{"line":62,"column":6},"end":{"line":62,"column":39}},"type":"if","locations":[{"start":{"line":62,"column":6},"end":{"line":62,"column":39}}]},"3":{"loc":{"start":{"line":64,"column":24},"end":{"line":64,"column":38}},"type":"binary-expr","locations":[{"start":{"line":64,"column":24},"end":{"line":64,"column":32}},{"start":{"line":64,"column":36},"end":{"line":64,"column":38}}]},"4":{"loc":{"start":{"line":65,"column":21},"end":{"line":65,"column":32}},"type":"binary-expr","locations":[{"start":{"line":65,"column":21},"end":{"line":65,"column":26}},{"start":{"line":65,"column":30},"end":{"line":65,"column":32}}]},"5":{"loc":{"start":{"line":75,"column":6},"end":{"line":93,"column":7}},"type":"if","locations":[{"start":{"line":75,"column":6},"end":{"line":93,"column":7}},{"start":{"line":82,"column":13},"end":{"line":93,"column":7}}]},"6":{"loc":{"start":{"line":81,"column":8},"end":{"line":81,"column":31}},"type":"if","locations":[{"start":{"line":81,"column":8},"end":{"line":81,"column":31}}]},"7":{"loc":{"start":{"line":92,"column":8},"end":{"line":92,"column":31}},"type":"if","locations":[{"start":{"line":92,"column":8},"end":{"line":92,"column":31}}]},"8":{"loc":{"start":{"line":105,"column":2},"end":{"line":111,"column":3}},"type":"if","locations":[{"start":{"line":105,"column":2},"end":{"line":111,"column":3}}]},"9":{"loc":{"start":{"line":113,"column":20},"end":{"line":113,"column":71}},"type":"binary-expr","locations":[{"start":{"line":113,"column":20},"end":{"line":113,"column":45}},{"start":{"line":113,"column":49},"end":{"line":113,"column":71}}]},"10":{"loc":{"start":{"line":115,"column":2},"end":{"line":127,"column":3}},"type":"if","locations":[{"start":{"line":115,"column":2},"end":{"line":127,"column":3}}]},"11":{"loc":{"start":{"line":132,"column":7},"end":{"line":169,"column":null}},"type":"binary-expr","locations":[{"start":{"line":132,"column":7},"end":{"line":132,"column":32}},{"start":{"line":133,"column":8},"end":{"line":168,"column":null}}]},"12":{"loc":{"start":{"line":139,"column":52},"end":{"line":139,"column":101}},"type":"cond-expr","locations":[{"start":{"line":139,"column":72},"end":{"line":139,"column":84}},{"start":{"line":139,"column":87},"end":{"line":139,"column":101}}]},"13":{"loc":{"start":{"line":142,"column":62},"end":{"line":142,"column":117}},"type":"cond-expr","locations":[{"start":{"line":142,"column":82},"end":{"line":142,"column":97}},{"start":{"line":142,"column":100},"end":{"line":142,"column":117}}]},"14":{"loc":{"start":{"line":145,"column":25},"end":{"line":145,"column":100}},"type":"cond-expr","locations":[{"start":{"line":145,"column":62},"end":{"line":145,"column":81}},{"start":{"line":145,"column":84},"end":{"line":145,"column":100}}]},"15":{"loc":{"start":{"line":146,"column":25},"end":{"line":146,"column":108}},"type":"binary-expr","locations":[{"start":{"line":146,"column":25},"end":{"line":146,"column":42}},{"start":{"line":146,"column":46},"end":{"line":146,"column":108}}]},"16":{"loc":{"start":{"line":156,"column":19},"end":{"line":163,"column":null}},"type":"binary-expr","locations":[{"start":{"line":156,"column":19},"end":{"line":156,"column":37}},{"start":{"line":157,"column":20},"end":{"line":160,"column":null}}]},"17":{"loc":{"start":{"line":173,"column":7},"end":{"line":219,"column":null}},"type":"binary-expr","locations":[{"start":{"line":173,"column":7},"end":{"line":173,"column":29}},{"start":{"line":174,"column":8},"end":{"line":218,"column":null}}]},"18":{"loc":{"start":{"line":180,"column":52},"end":{"line":180,"column":108}},"type":"cond-expr","locations":[{"start":{"line":180,"column":82},"end":{"line":180,"column":94}},{"start":{"line":180,"column":97},"end":{"line":180,"column":108}}]},"19":{"loc":{"start":{"line":183,"column":62},"end":{"line":183,"column":124}},"type":"cond-expr","locations":[{"start":{"line":183,"column":92},"end":{"line":183,"column":107}},{"start":{"line":183,"column":110},"end":{"line":183,"column":124}}]},"20":{"loc":{"start":{"line":187,"column":25},"end":{"line":187,"column":118}},"type":"binary-expr","locations":[{"start":{"line":187,"column":25},"end":{"line":187,"column":52}},{"start":{"line":187,"column":56},"end":{"line":187,"column":118}}]},"21":{"loc":{"start":{"line":206,"column":19},"end":{"line":213,"column":null}},"type":"binary-expr","locations":[{"start":{"line":206,"column":19},"end":{"line":206,"column":45}},{"start":{"line":207,"column":20},"end":{"line":210,"column":null}}]}},"s":{"0":0,"1":0,"2":0,"3":0,"4":0,"5":0,"6":0,"7":0,"8":0,"9":0,"10":0,"11":0,"12":0,"13":0,"14":0,"15":0,"16":0,"17":0,"18":0,"19":0,"20":0,"21":0,"22":0,"23":0,"24":0,"25":0,"26":0,"27":0,"28":0,"29":0,"30":0,"31":0,"32":0,"33":0,"34":0,"35":0,"36":0,"37":0,"38":0,"39":0,"40":0,"41":0,"42":0,"43":0,"44":0,"45":0,"46":0,"47":0,"48":0,"49":0,"50":0,"51":0},"f":{"0":0,"1":0,"2":0,"3":0,"4":0,"5":0,"6":0,"7":0,"8":0,"9":0},"b":{"0":[0],"1":[0],"2":[0],"3":[0,0],"4":[0,0],"5":[0,0],"6":[0],"7":[0],"8":[0],"9":[0,0],"10":[0],"11":[0,0],"12":[0,0],"13":[0,0],"14":[0,0],"15":[0,0],"16":[0,0],"17":[0,0],"18":[0,0],"19":[0,0],"20":[0,0],"21":[0,0]}}
,"/home/project/src/components/dashboard/audit/AuditLogList.tsx": {"path":"/home/project/src/components/dashboard/audit/AuditLogList.tsx","statementMap":{"0":{"start":{"line":10,"column":0},"end":{"line":10,"column":24}},"1":{"start":{"line":1,"column":0},"end":{"line":1,"column":26}},"2":{"start":{"line":2,"column":0},"end":{"line":2,"column":59}},"3":{"start":{"line":3,"column":0},"end":{"line":3,"column":52}},"4":{"start":{"line":4,"column":0},"end":{"line":4,"column":47}},"5":{"start":{"line":11,"column":33},"end":{"line":11,"column":61}},"6":{"start":{"line":13,"column":2},"end":{"line":19,"column":3}},"7":{"start":{"line":14,"column":4},"end":{"line":18,"column":6}},"8":{"start":{"line":21,"column":2},"end":{"line":29,"column":3}},"9":{"start":{"line":22,"column":4},"end":{"line":28,"column":6}},"10":{"start":{"line":31,"column":2},"end":{"line":92,"column":4}},"11":{"start":{"line":62,"column":14},"end":{"line":62,"column":null}}},"fnMap":{"0":{"name":"AuditLogList","decl":{"start":{"line":10,"column":24},"end":{"line":10,"column":36}},"loc":{"start":{"line":10,"column":62},"end":{"line":93,"column":1}}},"1":{"name":"(anonymous_1)","decl":{"start":{"line":61,"column":27},"end":{"line":61,"column":28}},"loc":{"start":{"line":62,"column":14},"end":{"line":62,"column":null}}}},"branchMap":{"0":{"loc":{"start":{"line":13,"column":2},"end":{"line":19,"column":3}},"type":"if","locations":[{"start":{"line":13,"column":2},"end":{"line":19,"column":3}}]},"1":{"loc":{"start":{"line":21,"column":2},"end":{"line":29,"column":3}},"type":"if","locations":[{"start":{"line":21,"column":2},"end":{"line":29,"column":3}}]},"2":{"loc":{"start":{"line":71,"column":20},"end":{"line":73,"column":null}},"type":"cond-expr","locations":[{"start":{"line":71,"column":46},"end":{"line":71,"column":75}},{"start":{"line":72,"column":20},"end":{"line":73,"column":null}}]},"3":{"loc":{"start":{"line":72,"column":20},"end":{"line":73,"column":null}},"type":"cond-expr","locations":[{"start":{"line":72,"column":46},"end":{"line":72,"column":77}},{"start":{"line":73,"column":20},"end":{"line":73,"column":null}}]},"4":{"loc":{"start":{"line":83,"column":36},"end":{"line":83,"column":64}},"type":"binary-expr","locations":[{"start":{"line":83,"column":36},"end":{"line":83,"column":48}},{"start":{"line":83,"column":52},"end":{"line":83,"column":64}}]}},"s":{"0":0,"1":0,"2":0,"3":0,"4":0,"5":0,"6":0,"7":0,"8":0,"9":0,"10":0,"11":0},"f":{"0":0,"1":0},"b":{"0":[0],"1":[0],"2":[0,0],"3":[0,0],"4":[0,0]}}
,"/home/project/src/components/dashboard/locations/CreateLocationForm.tsx": {"path":"/home/project/src/components/dashboard/locations/CreateLocationForm.tsx","statementMap":{"0":{"start":{"line":11,"column":0},"end":{"line":11,"column":24}},"1":{"start":{"line":1,"column":0},"end":{"line":1,"column":40}},"2":{"start":{"line":2,"column":0},"end":{"line":2,"column":59}},"3":{"start":{"line":3,"column":0},"end":{"line":3,"column":37}},"4":{"start":{"line":4,"column":0},"end":{"line":4,"column":33}},"5":{"start":{"line":12,"column":29},"end":{"line":12,"column":43}},"6":{"start":{"line":13,"column":34},"end":{"line":16,"column":4}},"7":{"start":{"line":18,"column":23},"end":{"line":25,"column":3}},"8":{"start":{"line":19,"column":4},"end":{"line":19,"column":23}},"9":{"start":{"line":20,"column":4},"end":{"line":23,"column":7}},"10":{"start":{"line":24,"column":4},"end":{"line":24,"column":14}},"11":{"start":{"line":27,"column":2},"end":{"line":79,"column":4}},"12":{"start":{"line":47,"column":33},"end":{"line":47,"column":83}},"13":{"start":{"line":60,"column":33},"end":{"line":60,"column":86}}},"fnMap":{"0":{"name":"CreateLocationForm","decl":{"start":{"line":11,"column":24},"end":{"line":11,"column":42}},"loc":{"start":{"line":11,"column":77},"end":{"line":80,"column":1}}},"1":{"name":"(anonymous_1)","decl":{"start":{"line":18,"column":23},"end":{"line":18,"column":28}},"loc":{"start":{"line":18,"column":52},"end":{"line":25,"column":3}}},"2":{"name":"(anonymous_2)","decl":{"start":{"line":47,"column":26},"end":{"line":47,"column":27}},"loc":{"start":{"line":47,"column":33},"end":{"line":47,"column":83}}},"3":{"name":"(anonymous_3)","decl":{"start":{"line":60,"column":26},"end":{"line":60,"column":27}},"loc":{"start":{"line":60,"column":33},"end":{"line":60,"column":86}}}},"branchMap":{},"s":{"0":0,"1":0,"2":0,"3":0,"4":0,"5":0,"6":0,"7":0,"8":0,"9":0,"10":0,"11":0,"12":0,"13":0},"f":{"0":0,"1":0,"2":0,"3":0},"b":{}}
,"/home/project/src/components/dashboard/locations/EditLocationForm.tsx": {"path":"/home/project/src/components/dashboard/locations/EditLocationForm.tsx","statementMap":{"0":{"start":{"line":14,"column":0},"end":{"line":14,"column":24}},"1":{"start":{"line":1,"column":0},"end":{"line":1,"column":40}},"2":{"start":{"line":2,"column":0},"end":{"line":2,"column":59}},"3":{"start":{"line":3,"column":0},"end":{"line":3,"column":37}},"4":{"start":{"line":4,"column":0},"end":{"line":4,"column":33}},"5":{"start":{"line":15,"column":29},"end":{"line":15,"column":67}},"6":{"start":{"line":16,"column":34},"end":{"line":19,"column":4}},"7":{"start":{"line":21,"column":23},"end":{"line":25,"column":3}},"8":{"start":{"line":22,"column":4},"end":{"line":22,"column":23}},"9":{"start":{"line":23,"column":4},"end":{"line":23,"column":48}},"10":{"start":{"line":24,"column":4},"end":{"line":24,"column":14}},"11":{"start":{"line":27,"column":2},"end":{"line":79,"column":4}},"12":{"start":{"line":47,"column":33},"end":{"line":47,"column":83}},"13":{"start":{"line":60,"column":33},"end":{"line":60,"column":86}}},"fnMap":{"0":{"name":"EditLocationForm","decl":{"start":{"line":14,"column":24},"end":{"line":14,"column":40}},"loc":{"start":{"line":14,"column":69},"end":{"line":80,"column":1}}},"1":{"name":"(anonymous_1)","decl":{"start":{"line":21,"column":23},"end":{"line":21,"column":28}},"loc":{"start":{"line":21,"column":52},"end":{"line":25,"column":3}}},"2":{"name":"(anonymous_2)","decl":{"start":{"line":47,"column":26},"end":{"line":47,"column":27}},"loc":{"start":{"line":47,"column":33},"end":{"line":47,"column":83}}},"3":{"name":"(anonymous_3)","decl":{"start":{"line":60,"column":26},"end":{"line":60,"column":27}},"loc":{"start":{"line":60,"column":33},"end":{"line":60,"column":86}}}},"branchMap":{"0":{"loc":{"start":{"line":18,"column":13},"end":{"line":18,"column":35}},"type":"binary-expr","locations":[{"start":{"line":18,"column":13},"end":{"line":18,"column":29}},{"start":{"line":18,"column":33},"end":{"line":18,"column":35}}]}},"s":{"0":0,"1":0,"2":0,"3":0,"4":0,"5":0,"6":0,"7":0,"8":0,"9":0,"10":0,"11":0,"12":0,"13":0},"f":{"0":0,"1":0,"2":0,"3":0},"b":{"0":[0,0]}}
,"/home/project/src/components/dashboard/locations/LocationList.tsx": {"path":"/home/project/src/components/dashboard/locations/LocationList.tsx","statementMap":{"0":{"start":{"line":15,"column":0},"end":{"line":15,"column":24}},"1":{"start":{"line":1,"column":0},"end":{"line":1,"column":40}},"2":{"start":{"line":2,"column":0},"end":{"line":2,"column":59}},"3":{"start":{"line":3,"column":0},"end":{"line":3,"column":69}},"4":{"start":{"line":4,"column":0},"end":{"line":4,"column":37}},"5":{"start":{"line":5,"column":0},"end":{"line":5,"column":54}},"6":{"start":{"line":6,"column":0},"end":{"line":6,"column":50}},"7":{"start":{"line":16,"column":49},"end":{"line":16,"column":77}},"8":{"start":{"line":17,"column":46},"end":{"line":17,"column":61}},"9":{"start":{"line":18,"column":48},"end":{"line":18,"column":79}},"10":{"start":{"line":20,"column":2},"end":{"line":26,"column":3}},"11":{"start":{"line":21,"column":4},"end":{"line":25,"column":6}},"12":{"start":{"line":28,"column":2},"end":{"line":113,"column":4}},"13":{"start":{"line":37,"column":31},"end":{"line":37,"column":54}},"14":{"start":{"line":67,"column":16},"end":{"line":67,"column":null}},"15":{"start":{"line":79,"column":39},"end":{"line":79,"column":67}},"16":{"start":{"line":86,"column":39},"end":{"line":86,"column":66}},"17":{"start":{"line":102,"column":25},"end":{"line":102,"column":49}},"18":{"start":{"line":109,"column":25},"end":{"line":109,"column":49}}},"fnMap":{"0":{"name":"LocationList","decl":{"start":{"line":15,"column":24},"end":{"line":15,"column":36}},"loc":{"start":{"line":15,"column":62},"end":{"line":114,"column":1}}},"1":{"name":"(anonymous_1)","decl":{"start":{"line":37,"column":25},"end":{"line":37,"column":28}},"loc":{"start":{"line":37,"column":31},"end":{"line":37,"column":54}}},"2":{"name":"(anonymous_2)","decl":{"start":{"line":66,"column":29},"end":{"line":66,"column":30}},"loc":{"start":{"line":67,"column":16},"end":{"line":67,"column":null}}},"3":{"name":"(anonymous_3)","decl":{"start":{"line":79,"column":33},"end":{"line":79,"column":36}},"loc":{"start":{"line":79,"column":39},"end":{"line":79,"column":67}}},"4":{"name":"(anonymous_4)","decl":{"start":{"line":86,"column":33},"end":{"line":86,"column":36}},"loc":{"start":{"line":86,"column":39},"end":{"line":86,"column":66}}},"5":{"name":"(anonymous_5)","decl":{"start":{"line":102,"column":19},"end":{"line":102,"column":22}},"loc":{"start":{"line":102,"column":25},"end":{"line":102,"column":49}}},"6":{"name":"(anonymous_6)","decl":{"start":{"line":109,"column":19},"end":{"line":109,"column":22}},"loc":{"start":{"line":109,"column":25},"end":{"line":109,"column":49}}}},"branchMap":{"0":{"loc":{"start":{"line":20,"column":2},"end":{"line":26,"column":3}},"type":"if","locations":[{"start":{"line":20,"column":2},"end":{"line":26,"column":3}}]},"1":{"loc":{"start":{"line":43,"column":7},"end":{"line":96,"column":null}},"type":"cond-expr","locations":[{"start":{"line":44,"column":8},"end":{"line":47,"column":null}},{"start":{"line":50,"column":8},"end":{"line":95,"column":null}}]},"2":{"loc":{"start":{"line":99,"column":7},"end":{"line":103,"column":null}},"type":"binary-expr","locations":[{"start":{"line":99,"column":7},"end":{"line":99,"column":21}},{"start":{"line":100,"column":8},"end":{"line":102,"column":null}}]},"3":{"loc":{"start":{"line":106,"column":7},"end":{"line":110,"column":null}},"type":"binary-expr","locations":[{"start":{"line":106,"column":7},"end":{"line":106,"column":22}},{"start":{"line":107,"column":8},"end":{"line":109,"column":null}}]}},"s":{"0":0,"1":0,"2":0,"3":0,"4":0,"5":0,"6":0,"7":0,"8":0,"9":0,"10":0,"11":0,"12":0,"13":0,"14":0,"15":0,"16":0,"17":0,"18":0},"f":{"0":0,"1":0,"2":0,"3":0,"4":0,"5":0,"6":0},"b":{"0":[0],"1":[0,0],"2":[0,0],"3":[0,0]}}
,"/home/project/src/components/dashboard/organizations/CreateOrganizationForm.tsx": {"path":"/home/project/src/components/dashboard/organizations/CreateOrganizationForm.tsx","statementMap":{"0":{"start":{"line":11,"column":0},"end":{"line":11,"column":24}},"1":{"start":{"line":1,"column":0},"end":{"line":1,"column":40}},"2":{"start":{"line":2,"column":0},"end":{"line":2,"column":67}},"3":{"start":{"line":3,"column":0},"end":{"line":3,"column":67}},"4":{"start":{"line":4,"column":0},"end":{"line":4,"column":37}},"5":{"start":{"line":5,"column":0},"end":{"line":5,"column":42}},"6":{"start":{"line":12,"column":33},"end":{"line":12,"column":51}},"7":{"start":{"line":13,"column":59},"end":{"line":13,"column":77}},"8":{"start":{"line":14,"column":34},"end":{"line":18,"column":4}},"9":{"start":{"line":20,"column":23},"end":{"line":24,"column":3}},"10":{"start":{"line":21,"column":4},"end":{"line":21,"column":23}},"11":{"start":{"line":22,"column":4},"end":{"line":22,"column":39}},"12":{"start":{"line":23,"column":4},"end":{"line":23,"column":14}},"13":{"start":{"line":26,"column":2},"end":{"line":34,"column":3}},"14":{"start":{"line":27,"column":4},"end":{"line":33,"column":6}},"15":{"start":{"line":36,"column":2},"end":{"line":113,"column":4}},"16":{"start":{"line":56,"column":33},"end":{"line":56,"column":83}},"17":{"start":{"line":71,"column":35},"end":{"line":71,"column":90}},"18":{"start":{"line":88,"column":33},"end":{"line":88,"column":95}},"19":{"start":{"line":94,"column":18},"end":{"line":94,"column":48}}},"fnMap":{"0":{"name":"CreateOrganizationForm","decl":{"start":{"line":11,"column":24},"end":{"line":11,"column":46}},"loc":{"start":{"line":11,"column":65},"end":{"line":114,"column":1}}},"1":{"name":"(anonymous_1)","decl":{"start":{"line":20,"column":23},"end":{"line":20,"column":28}},"loc":{"start":{"line":20,"column":52},"end":{"line":24,"column":3}}},"2":{"name":"(anonymous_2)","decl":{"start":{"line":56,"column":26},"end":{"line":56,"column":27}},"loc":{"start":{"line":56,"column":33},"end":{"line":56,"column":83}}},"3":{"name":"(anonymous_3)","decl":{"start":{"line":71,"column":28},"end":{"line":71,"column":29}},"loc":{"start":{"line":71,"column":35},"end":{"line":71,"column":90}}},"4":{"name":"(anonymous_4)","decl":{"start":{"line":88,"column":26},"end":{"line":88,"column":27}},"loc":{"start":{"line":88,"column":33},"end":{"line":88,"column":95}}},"5":{"name":"(anonymous_5)","decl":{"start":{"line":93,"column":35},"end":{"line":93,"column":36}},"loc":{"start":{"line":94,"column":18},"end":{"line":94,"column":48}}}},"branchMap":{"0":{"loc":{"start":{"line":26,"column":2},"end":{"line":34,"column":3}},"type":"if","locations":[{"start":{"line":26,"column":2},"end":{"line":34,"column":3}}]}},"s":{"0":0,"1":0,"2":0,"3":0,"4":0,"5":0,"6":0,"7":0,"8":0,"9":0,"10":0,"11":0,"12":0,"13":0,"14":0,"15":0,"16":0,"17":0,"18":0,"19":0},"f":{"0":0,"1":0,"2":0,"3":0,"4":0,"5":0},"b":{"0":[0]}}
,"/home/project/src/components/dashboard/organizations/OrganizationList.tsx": {"path":"/home/project/src/components/dashboard/organizations/OrganizationList.tsx","statementMap":{"0":{"start":{"line":9,"column":0},"end":{"line":9,"column":24}},"1":{"start":{"line":1,"column":0},"end":{"line":1,"column":26}},"2":{"start":{"line":2,"column":0},"end":{"line":2,"column":67}},"3":{"start":{"line":3,"column":0},"end":{"line":3,"column":58}},"4":{"start":{"line":10,"column":37},"end":{"line":10,"column":55}},"5":{"start":{"line":12,"column":2},"end":{"line":18,"column":3}},"6":{"start":{"line":13,"column":4},"end":{"line":17,"column":6}},"7":{"start":{"line":20,"column":2},"end":{"line":28,"column":3}},"8":{"start":{"line":21,"column":4},"end":{"line":27,"column":6}},"9":{"start":{"line":30,"column":2},"end":{"line":59,"column":4}},"10":{"start":{"line":33,"column":8},"end":{"line":34,"column":null}},"11":{"start":{"line":36,"column":25},"end":{"line":36,"column":43}}},"fnMap":{"0":{"name":"OrganizationList","decl":{"start":{"line":9,"column":24},"end":{"line":9,"column":40}},"loc":{"start":{"line":9,"column":60},"end":{"line":60,"column":1}}},"1":{"name":"(anonymous_1)","decl":{"start":{"line":32,"column":25},"end":{"line":32,"column":26}},"loc":{"start":{"line":33,"column":8},"end":{"line":34,"column":null}}},"2":{"name":"(anonymous_2)","decl":{"start":{"line":36,"column":19},"end":{"line":36,"column":22}},"loc":{"start":{"line":36,"column":25},"end":{"line":36,"column":43}}}},"branchMap":{"0":{"loc":{"start":{"line":12,"column":2},"end":{"line":18,"column":3}},"type":"if","locations":[{"start":{"line":12,"column":2},"end":{"line":18,"column":3}}]},"1":{"loc":{"start":{"line":20,"column":2},"end":{"line":28,"column":3}},"type":"if","locations":[{"start":{"line":20,"column":2},"end":{"line":28,"column":3}}]},"2":{"loc":{"start":{"line":48,"column":23},"end":{"line":48,"column":49}},"type":"binary-expr","locations":[{"start":{"line":48,"column":23},"end":{"line":48,"column":44}},{"start":{"line":48,"column":48},"end":{"line":48,"column":49}}]}},"s":{"0":0,"1":0,"2":0,"3":0,"4":0,"5":0,"6":0,"7":0,"8":0,"9":0,"10":0,"11":0},"f":{"0":0,"1":0,"2":0},"b":{"0":[0],"1":[0],"2":[0,0]}}
,"/home/project/src/components/dashboard/transactions/TransactionForm.tsx": {"path":"/home/project/src/components/dashboard/transactions/TransactionForm.tsx","statementMap":{"0":{"start":{"line":25,"column":0},"end":{"line":25,"column":24}},"1":{"start":{"line":1,"column":0},"end":{"line":1,"column":40}},"2":{"start":{"line":2,"column":0},"end":{"line":2,"column":42}},"3":{"start":{"line":3,"column":0},"end":{"line":3,"column":54}},"4":{"start":{"line":4,"column":0},"end":{"line":4,"column":24}},"5":{"start":{"line":5,"column":0},"end":{"line":5,"column":39}},"6":{"start":{"line":6,"column":0},"end":{"line":6,"column":65}},"7":{"start":{"line":7,"column":0},"end":{"line":7,"column":37}},"8":{"start":{"line":9,"column":26},"end":{"line":16,"column":2}},"9":{"start":{"line":14,"column":19},"end":{"line":14,"column":38}},"10":{"start":{"line":26,"column":32},"end":{"line":26,"column":63}},"11":{"start":{"line":27,"column":42},"end":{"line":27,"column":57}},"12":{"start":{"line":29,"column":67},"end":{"line":36,"column":4}},"13":{"start":{"line":38,"column":19},"end":{"line":53,"column":3}},"14":{"start":{"line":39,"column":4},"end":{"line":52,"column":5}},"15":{"start":{"line":40,"column":6},"end":{"line":40,"column":28}},"16":{"start":{"line":41,"column":6},"end":{"line":44,"column":9}},"17":{"start":{"line":46,"column":6},"end":{"line":46,"column":14}},"18":{"start":{"line":47,"column":6},"end":{"line":47,"column":33}},"19":{"start":{"line":47,"column":21},"end":{"line":47,"column":33}},"20":{"start":{"line":49,"column":6},"end":{"line":49,"column":60}},"21":{"start":{"line":51,"column":6},"end":{"line":51,"column":29}},"22":{"start":{"line":55,"column":2},"end":{"line":128,"column":4}}},"fnMap":{"0":{"name":"(anonymous_0)","decl":{"start":{"line":14,"column":12},"end":{"line":14,"column":15}},"loc":{"start":{"line":14,"column":19},"end":{"line":14,"column":38}}},"1":{"name":"TransactionForm","decl":{"start":{"line":25,"column":24},"end":{"line":25,"column":39}},"loc":{"start":{"line":25,"column":91},"end":{"line":129,"column":1}}},"2":{"name":"(anonymous_2)","decl":{"start":{"line":38,"column":19},"end":{"line":38,"column":24}},"loc":{"start":{"line":38,"column":55},"end":{"line":53,"column":3}}}},"branchMap":{"0":{"loc":{"start":{"line":47,"column":6},"end":{"line":47,"column":33}},"type":"if","locations":[{"start":{"line":47,"column":6},"end":{"line":47,"column":33}}]},"1":{"loc":{"start":{"line":71,"column":9},"end":{"line":72,"column":null}},"type":"binary-expr","locations":[{"start":{"line":71,"column":9},"end":{"line":71,"column":28}},{"start":{"line":72,"column":10},"end":{"line":72,"column":84}}]},"2":{"loc":{"start":{"line":92,"column":9},"end":{"line":93,"column":null}},"type":"binary-expr","locations":[{"start":{"line":92,"column":9},"end":{"line":92,"column":22}},{"start":{"line":93,"column":10},"end":{"line":93,"column":78}}]},"3":{"loc":{"start":{"line":117,"column":11},"end":{"line":123,"column":null}},"type":"cond-expr","locations":[{"start":{"line":118,"column":12},"end":{"line":119,"column":null}},{"start":{"line":123,"column":12},"end":{"line":123,"column":32}}]}},"s":{"0":0,"1":0,"2":0,"3":0,"4":0,"5":0,"6":0,"7":0,"8":0,"9":0,"10":0,"11":0,"12":0,"13":0,"14":0,"15":0,"16":0,"17":0,"18":0,"19":0,"20":0,"21":0,"22":0},"f":{"0":0,"1":0,"2":0},"b":{"0":[0],"1":[0,0],"2":[0,0],"3":[0,0]}}
,"/home/project/src/components/dashboard/transactions/TransactionStats.tsx": {"path":"/home/project/src/components/dashboard/transactions/TransactionStats.tsx","statementMap":{"0":{"start":{"line":10,"column":0},"end":{"line":10,"column":24}},"1":{"start":{"line":1,"column":0},"end":{"line":1,"column":26}},"2":{"start":{"line":2,"column":0},"end":{"line":2,"column":65}},"3":{"start":{"line":3,"column":0},"end":{"line":3,"column":79}},"4":{"start":{"line":4,"column":0},"end":{"line":4,"column":33}},"5":{"start":{"line":11,"column":29},"end":{"line":11,"column":60}},"6":{"start":{"line":13,"column":2},"end":{"line":25,"column":3}},"7":{"start":{"line":14,"column":4},"end":{"line":24,"column":6}},"8":{"start":{"line":17,"column":10},"end":{"line":17,"column":23}},"9":{"start":{"line":28,"column":21},"end":{"line":28,"column":61}},"10":{"start":{"line":28,"column":37},"end":{"line":28,"column":60}},"11":{"start":{"line":29,"column":23},"end":{"line":29,"column":63}},"12":{"start":{"line":29,"column":39},"end":{"line":29,"column":62}},"13":{"start":{"line":32,"column":22},"end":{"line":37,"column":20}},"14":{"start":{"line":33,"column":4},"end":{"line":35,"column":5}},"15":{"start":{"line":34,"column":6},"end":{"line":34,"column":77}},"16":{"start":{"line":36,"column":4},"end":{"line":36,"column":15}},"17":{"start":{"line":40,"column":25},"end":{"line":43,"column":3}},"18":{"start":{"line":41,"column":19},"end":{"line":41,"column":37}},"19":{"start":{"line":42,"column":4},"end":{"line":42,"column":29}},"20":{"start":{"line":45,"column":2},"end":{"line":101,"column":4}}},"fnMap":{"0":{"name":"TransactionStatsDisplay","decl":{"start":{"line":10,"column":24},"end":{"line":10,"column":47}},"loc":{"start":{"line":10,"column":89},"end":{"line":102,"column":1}}},"1":{"name":"(anonymous_1)","decl":{"start":{"line":16,"column":23},"end":{"line":16,"column":24}},"loc":{"start":{"line":17,"column":10},"end":{"line":17,"column":23}}},"2":{"name":"(anonymous_2)","decl":{"start":{"line":28,"column":32},"end":{"line":28,"column":33}},"loc":{"start":{"line":28,"column":37},"end":{"line":28,"column":60}}},"3":{"name":"(anonymous_3)","decl":{"start":{"line":29,"column":34},"end":{"line":29,"column":35}},"loc":{"start":{"line":29,"column":39},"end":{"line":29,"column":62}}},"4":{"name":"(anonymous_4)","decl":{"start":{"line":32,"column":35},"end":{"line":32,"column":36}},"loc":{"start":{"line":32,"column":49},"end":{"line":37,"column":3}}},"5":{"name":"(anonymous_5)","decl":{"start":{"line":40,"column":25},"end":{"line":40,"column":26}},"loc":{"start":{"line":40,"column":62},"end":{"line":43,"column":3}}}},"branchMap":{"0":{"loc":{"start":{"line":13,"column":2},"end":{"line":25,"column":3}},"type":"if","locations":[{"start":{"line":13,"column":2},"end":{"line":25,"column":3}}]},"1":{"loc":{"start":{"line":33,"column":4},"end":{"line":35,"column":5}},"type":"if","locations":[{"start":{"line":33,"column":4},"end":{"line":35,"column":5}}]},"2":{"loc":{"start":{"line":57,"column":29},"end":{"line":57,"column":57}},"type":"binary-expr","locations":[{"start":{"line":57,"column":29},"end":{"line":57,"column":52}},{"start":{"line":57,"column":56},"end":{"line":57,"column":57}}]},"3":{"loc":{"start":{"line":60,"column":22},"end":{"line":60,"column":50}},"type":"binary-expr","locations":[{"start":{"line":60,"column":22},"end":{"line":60,"column":45}},{"start":{"line":60,"column":49},"end":{"line":60,"column":50}}]},"4":{"loc":{"start":{"line":75,"column":29},"end":{"line":75,"column":59}},"type":"binary-expr","locations":[{"start":{"line":75,"column":29},"end":{"line":75,"column":54}},{"start":{"line":75,"column":58},"end":{"line":75,"column":59}}]},"5":{"loc":{"start":{"line":78,"column":22},"end":{"line":78,"column":52}},"type":"binary-expr","locations":[{"start":{"line":78,"column":22},"end":{"line":78,"column":47}},{"start":{"line":78,"column":51},"end":{"line":78,"column":52}}]}},"s":{"0":0,"1":0,"2":0,"3":0,"4":0,"5":0,"6":0,"7":0,"8":0,"9":0,"10":0,"11":0,"12":0,"13":0,"14":0,"15":0,"16":0,"17":0,"18":0,"19":0,"20":0},"f":{"0":0,"1":0,"2":0,"3":0,"4":0,"5":0},"b":{"0":[0],"1":[0],"2":[0,0],"3":[0,0],"4":[0,0],"5":[0,0]}}
,"/home/project/src/components/dashboard/users/CreateUserForm.tsx": {"path":"/home/project/src/components/dashboard/users/CreateUserForm.tsx","statementMap":{"0":{"start":{"line":11,"column":0},"end":{"line":11,"column":24}},"1":{"start":{"line":1,"column":0},"end":{"line":1,"column":40}},"2":{"start":{"line":2,"column":0},"end":{"line":2,"column":51}},"3":{"start":{"line":3,"column":0},"end":{"line":3,"column":37}},"4":{"start":{"line":4,"column":0},"end":{"line":4,"column":33}},"5":{"start":{"line":12,"column":25},"end":{"line":12,"column":35}},"6":{"start":{"line":13,"column":34},"end":{"line":16,"column":4}},"7":{"start":{"line":18,"column":23},"end":{"line":26,"column":3}},"8":{"start":{"line":19,"column":4},"end":{"line":19,"column":23}},"9":{"start":{"line":20,"column":4},"end":{"line":24,"column":7}},"10":{"start":{"line":25,"column":4},"end":{"line":25,"column":14}},"11":{"start":{"line":28,"column":2},"end":{"line":81,"column":4}},"12":{"start":{"line":48,"column":33},"end":{"line":48,"column":84}},"13":{"start":{"line":61,"column":33},"end":{"line":61,"column":83}}},"fnMap":{"0":{"name":"CreateUserForm","decl":{"start":{"line":11,"column":24},"end":{"line":11,"column":38}},"loc":{"start":{"line":11,"column":73},"end":{"line":82,"column":1}}},"1":{"name":"(anonymous_1)","decl":{"start":{"line":18,"column":23},"end":{"line":18,"column":28}},"loc":{"start":{"line":18,"column":52},"end":{"line":26,"column":3}}},"2":{"name":"(anonymous_2)","decl":{"start":{"line":48,"column":26},"end":{"line":48,"column":27}},"loc":{"start":{"line":48,"column":33},"end":{"line":48,"column":84}}},"3":{"name":"(anonymous_3)","decl":{"start":{"line":61,"column":26},"end":{"line":61,"column":27}},"loc":{"start":{"line":61,"column":33},"end":{"line":61,"column":83}}}},"branchMap":{},"s":{"0":0,"1":0,"2":0,"3":0,"4":0,"5":0,"6":0,"7":0,"8":0,"9":0,"10":0,"11":0,"12":0,"13":0},"f":{"0":0,"1":0,"2":0,"3":0},"b":{}}
,"/home/project/src/components/dashboard/users/UserList.tsx": {"path":"/home/project/src/components/dashboard/users/UserList.tsx","statementMap":{"0":{"start":{"line":6,"column":0},"end":{"line":6,"column":24}},"1":{"start":{"line":1,"column":0},"end":{"line":1,"column":26}},"2":{"start":{"line":2,"column":0},"end":{"line":2,"column":51}},"3":{"start":{"line":3,"column":0},"end":{"line":3,"column":65}},"4":{"start":{"line":4,"column":0},"end":{"line":4,"column":37}},"5":{"start":{"line":7,"column":29},"end":{"line":7,"column":39}},"6":{"start":{"line":9,"column":2},"end":{"line":15,"column":3}},"7":{"start":{"line":10,"column":4},"end":{"line":14,"column":6}},"8":{"start":{"line":17,"column":2},"end":{"line":72,"column":4}},"9":{"start":{"line":46,"column":14},"end":{"line":46,"column":null}},"10":{"start":{"line":54,"column":49},"end":{"line":54,"column":57}}},"fnMap":{"0":{"name":"UserList","decl":{"start":{"line":6,"column":24},"end":{"line":6,"column":32}},"loc":{"start":{"line":6,"column":32},"end":{"line":73,"column":1}}},"1":{"name":"(anonymous_1)","decl":{"start":{"line":45,"column":23},"end":{"line":45,"column":24}},"loc":{"start":{"line":46,"column":14},"end":{"line":46,"column":null}}},"2":{"name":"(anonymous_2)","decl":{"start":{"line":54,"column":42},"end":{"line":54,"column":45}},"loc":{"start":{"line":54,"column":49},"end":{"line":54,"column":57}}}},"branchMap":{"0":{"loc":{"start":{"line":9,"column":2},"end":{"line":15,"column":3}},"type":"if","locations":[{"start":{"line":9,"column":2},"end":{"line":15,"column":3}}]}},"s":{"0":0,"1":0,"2":0,"3":0,"4":0,"5":0,"6":0,"7":0,"8":0,"9":0,"10":0},"f":{"0":0,"1":0,"2":0},"b":{"0":[0]}}
,"/home/project/src/components/home/BusinessLines.tsx": {"path":"/home/project/src/components/home/BusinessLines.tsx","statementMap":{"0":{"start":{"line":1,"column":0},"end":{"line":1,"column":26}},"1":{"start":{"line":2,"column":0},"end":{"line":2,"column":47}},"2":{"start":{"line":3,"column":0},"end":{"line":3,"column":57}},"3":{"start":{"line":4,"column":0},"end":{"line":4,"column":99}},"4":{"start":{"line":5,"column":0},"end":{"line":5,"column":36}},"5":{"start":{"line":6,"column":0},"end":{"line":6,"column":42}},"6":{"start":{"line":8,"column":22},"end":{"line":50,"column":1}},"7":{"start":{"line":9,"column":19},"end":{"line":9,"column":32}},"8":{"start":{"line":11,"column":26},"end":{"line":14,"column":3}},"9":{"start":{"line":12,"column":4},"end":{"line":12,"column":18}},"10":{"start":{"line":13,"column":4},"end":{"line":13,"column":26}},"11":{"start":{"line":16,"column":2},"end":{"line":49,"column":4}},"12":{"start":{"line":27,"column":10},"end":{"line":27,"column":28}},"13":{"start":{"line":39,"column":31},"end":{"line":39,"column":60}},"14":{"start":{"line":52,"column":0},"end":{"line":52,"column":29}}},"fnMap":{"0":{"name":"(anonymous_0)","decl":{"start":{"line":8,"column":22},"end":{"line":8,"column":25}},"loc":{"start":{"line":8,"column":27},"end":{"line":50,"column":1}}},"1":{"name":"(anonymous_1)","decl":{"start":{"line":11,"column":26},"end":{"line":11,"column":27}},"loc":{"start":{"line":11,"column":42},"end":{"line":14,"column":3}}},"2":{"name":"(anonymous_2)","decl":{"start":{"line":26,"column":27},"end":{"line":26,"column":28}},"loc":{"start":{"line":27,"column":10},"end":{"line":27,"column":28}}},"3":{"name":"(anonymous_3)","decl":{"start":{"line":39,"column":25},"end":{"line":39,"column":28}},"loc":{"start":{"line":39,"column":31},"end":{"line":39,"column":60}}}},"branchMap":{},"s":{"0":0,"1":0,"2":0,"3":0,"4":0,"5":0,"6":0,"7":0,"8":0,"9":0,"10":0,"11":0,"12":0,"13":0,"14":0},"f":{"0":0,"1":0,"2":0,"3":0},"b":{}}
,"/home/project/src/components/home/CTA.tsx": {"path":"/home/project/src/components/home/CTA.tsx","statementMap":{"0":{"start":{"line":1,"column":0},"end":{"line":1,"column":26}},"1":{"start":{"line":2,"column":0},"end":{"line":2,"column":47}},"2":{"start":{"line":3,"column":0},"end":{"line":3,"column":36}},"3":{"start":{"line":5,"column":12},"end":{"line":40,"column":1}},"4":{"start":{"line":6,"column":19},"end":{"line":6,"column":32}},"5":{"start":{"line":8,"column":27},"end":{"line":10,"column":3}},"6":{"start":{"line":9,"column":4},"end":{"line":9,"column":37}},"7":{"start":{"line":12,"column":29},"end":{"line":14,"column":3}},"8":{"start":{"line":13,"column":4},"end":{"line":13,"column":25}},"9":{"start":{"line":16,"column":2},"end":{"line":39,"column":4}},"10":{"start":{"line":42,"column":0},"end":{"line":42,"column":19}}},"fnMap":{"0":{"name":"(anonymous_0)","decl":{"start":{"line":5,"column":12},"end":{"line":5,"column":15}},"loc":{"start":{"line":5,"column":17},"end":{"line":40,"column":1}}},"1":{"name":"(anonymous_1)","decl":{"start":{"line":8,"column":27},"end":{"line":8,"column":30}},"loc":{"start":{"line":8,"column":32},"end":{"line":10,"column":3}}},"2":{"name":"(anonymous_2)","decl":{"start":{"line":12,"column":29},"end":{"line":12,"column":32}},"loc":{"start":{"line":12,"column":34},"end":{"line":14,"column":3}}}},"branchMap":{},"s":{"0":0,"1":0,"2":0,"3":0,"4":0,"5":0,"6":0,"7":0,"8":0,"9":0,"10":0},"f":{"0":0,"1":0,"2":0},"b":{}}
,"/home/project/src/components/home/Features.tsx": {"path":"/home/project/src/components/home/Features.tsx","statementMap":{"0":{"start":{"line":1,"column":0},"end":{"line":1,"column":26}},"1":{"start":{"line":2,"column":0},"end":{"line":2,"column":36}},"2":{"start":{"line":3,"column":0},"end":{"line":3,"column":106}},"3":{"start":{"line":5,"column":17},"end":{"line":36,"column":2}},"4":{"start":{"line":38,"column":17},"end":{"line":61,"column":1}},"5":{"start":{"line":39,"column":2},"end":{"line":60,"column":4}},"6":{"start":{"line":50,"column":10},"end":{"line":50,"column":27}},"7":{"start":{"line":63,"column":0},"end":{"line":63,"column":24}}},"fnMap":{"0":{"name":"(anonymous_0)","decl":{"start":{"line":38,"column":17},"end":{"line":38,"column":20}},"loc":{"start":{"line":38,"column":22},"end":{"line":61,"column":1}}},"1":{"name":"(anonymous_1)","decl":{"start":{"line":49,"column":22},"end":{"line":49,"column":23}},"loc":{"start":{"line":50,"column":10},"end":{"line":50,"column":27}}}},"branchMap":{},"s":{"0":0,"1":0,"2":0,"3":0,"4":0,"5":0,"6":0,"7":0},"f":{"0":0,"1":0},"b":{}}
,"/home/project/src/components/home/Hero.tsx": {"path":"/home/project/src/components/home/Hero.tsx","statementMap":{"0":{"start":{"line":1,"column":0},"end":{"line":1,"column":51}},"1":{"start":{"line":2,"column":0},"end":{"line":2,"column":47}},"2":{"start":{"line":3,"column":0},"end":{"line":3,"column":40}},"3":{"start":{"line":5,"column":13},"end":{"line":80,"column":1}},"4":{"start":{"line":6,"column":19},"end":{"line":6,"column":32}},"5":{"start":{"line":7,"column":44},"end":{"line":7,"column":55}},"6":{"start":{"line":8,"column":21},"end":{"line":8,"column":73}},"7":{"start":{"line":10,"column":2},"end":{"line":15,"column":9}},"8":{"start":{"line":11,"column":18},"end":{"line":13,"column":12}},"9":{"start":{"line":12,"column":6},"end":{"line":12,"column":71}},"10":{"start":{"line":12,"column":36},"end":{"line":12,"column":69}},"11":{"start":{"line":14,"column":4},"end":{"line":14,"column":38}},"12":{"start":{"line":14,"column":17},"end":{"line":14,"column":37}},"13":{"start":{"line":17,"column":24},"end":{"line":19,"column":3}},"14":{"start":{"line":18,"column":4},"end":{"line":18,"column":37}},"15":{"start":{"line":21,"column":21},"end":{"line":23,"column":3}},"16":{"start":{"line":22,"column":4},"end":{"line":22,"column":25}},"17":{"start":{"line":25,"column":2},"end":{"line":79,"column":4}},"18":{"start":{"line":82,"column":0},"end":{"line":82,"column":20}}},"fnMap":{"0":{"name":"(anonymous_0)","decl":{"start":{"line":5,"column":13},"end":{"line":5,"column":16}},"loc":{"start":{"line":5,"column":18},"end":{"line":80,"column":1}}},"1":{"name":"(anonymous_1)","decl":{"start":{"line":10,"column":12},"end":{"line":10,"column":15}},"loc":{"start":{"line":10,"column":17},"end":{"line":15,"column":3}}},"2":{"name":"(anonymous_2)","decl":{"start":{"line":11,"column":30},"end":{"line":11,"column":33}},"loc":{"start":{"line":11,"column":35},"end":{"line":13,"column":5}}},"3":{"name":"(anonymous_3)","decl":{"start":{"line":12,"column":23},"end":{"line":12,"column":24}},"loc":{"start":{"line":12,"column":36},"end":{"line":12,"column":69}}},"4":{"name":"(anonymous_4)","decl":{"start":{"line":14,"column":11},"end":{"line":14,"column":14}},"loc":{"start":{"line":14,"column":17},"end":{"line":14,"column":37}}},"5":{"name":"(anonymous_5)","decl":{"start":{"line":17,"column":24},"end":{"line":17,"column":27}},"loc":{"start":{"line":17,"column":29},"end":{"line":19,"column":3}}},"6":{"name":"(anonymous_6)","decl":{"start":{"line":21,"column":21},"end":{"line":21,"column":24}},"loc":{"start":{"line":21,"column":26},"end":{"line":23,"column":3}}}},"branchMap":{},"s":{"0":0,"1":0,"2":0,"3":0,"4":0,"5":0,"6":0,"7":0,"8":0,"9":0,"10":0,"11":0,"12":0,"13":0,"14":0,"15":0,"16":0,"17":0,"18":0},"f":{"0":0,"1":0,"2":0,"3":0,"4":0,"5":0,"6":0},"b":{}}
,"/home/project/src/components/home/LatestBlogs.tsx": {"path":"/home/project/src/components/home/LatestBlogs.tsx","statementMap":{"0":{"start":{"line":1,"column":0},"end":{"line":1,"column":26}},"1":{"start":{"line":2,"column":0},"end":{"line":2,"column":47}},"2":{"start":{"line":3,"column":0},"end":{"line":3,"column":36}},"3":{"start":{"line":4,"column":0},"end":{"line":4,"column":49}},"4":{"start":{"line":5,"column":0},"end":{"line":5,"column":59}},"5":{"start":{"line":7,"column":20},"end":{"line":73,"column":1}},"6":{"start":{"line":8,"column":19},"end":{"line":8,"column":32}},"7":{"start":{"line":9,"column":22},"end":{"line":9,"column":43}},"8":{"start":{"line":11,"column":24},"end":{"line":13,"column":3}},"9":{"start":{"line":12,"column":4},"end":{"line":12,"column":22}},"10":{"start":{"line":15,"column":25},"end":{"line":17,"column":3}},"11":{"start":{"line":16,"column":4},"end":{"line":16,"column":28}},"12":{"start":{"line":19,"column":2},"end":{"line":72,"column":4}},"13":{"start":{"line":38,"column":10},"end":{"line":38,"column":30}},"14":{"start":{"line":62,"column":31},"end":{"line":62,"column":54}},"15":{"start":{"line":75,"column":0},"end":{"line":75,"column":27}}},"fnMap":{"0":{"name":"(anonymous_0)","decl":{"start":{"line":7,"column":20},"end":{"line":7,"column":23}},"loc":{"start":{"line":7,"column":25},"end":{"line":73,"column":1}}},"1":{"name":"(anonymous_1)","decl":{"start":{"line":11,"column":24},"end":{"line":11,"column":27}},"loc":{"start":{"line":11,"column":29},"end":{"line":13,"column":3}}},"2":{"name":"(anonymous_2)","decl":{"start":{"line":15,"column":25},"end":{"line":15,"column":26}},"loc":{"start":{"line":15,"column":40},"end":{"line":17,"column":3}}},"3":{"name":"(anonymous_3)","decl":{"start":{"line":37,"column":25},"end":{"line":37,"column":26}},"loc":{"start":{"line":38,"column":10},"end":{"line":38,"column":30}}},"4":{"name":"(anonymous_4)","decl":{"start":{"line":62,"column":25},"end":{"line":62,"column":28}},"loc":{"start":{"line":62,"column":31},"end":{"line":62,"column":54}}}},"branchMap":{},"s":{"0":0,"1":0,"2":0,"3":0,"4":0,"5":0,"6":0,"7":0,"8":0,"9":0,"10":0,"11":0,"12":0,"13":0,"14":0,"15":0},"f":{"0":0,"1":0,"2":0,"3":0,"4":0},"b":{}}
,"/home/project/src/components/home/Testimonials.tsx": {"path":"/home/project/src/components/home/Testimonials.tsx","statementMap":{"0":{"start":{"line":1,"column":0},"end":{"line":1,"column":26}},"1":{"start":{"line":2,"column":0},"end":{"line":2,"column":36}},"2":{"start":{"line":3,"column":0},"end":{"line":3,"column":37}},"3":{"start":{"line":5,"column":21},"end":{"line":24,"column":2}},"4":{"start":{"line":26,"column":21},"end":{"line":57,"column":1}},"5":{"start":{"line":27,"column":2},"end":{"line":56,"column":4}},"6":{"start":{"line":38,"column":10},"end":{"line":38,"column":27}},"7":{"start":{"line":59,"column":0},"end":{"line":59,"column":28}}},"fnMap":{"0":{"name":"(anonymous_0)","decl":{"start":{"line":26,"column":21},"end":{"line":26,"column":24}},"loc":{"start":{"line":26,"column":26},"end":{"line":57,"column":1}}},"1":{"name":"(anonymous_1)","decl":{"start":{"line":37,"column":26},"end":{"line":37,"column":27}},"loc":{"start":{"line":38,"column":10},"end":{"line":38,"column":27}}}},"branchMap":{},"s":{"0":0,"1":0,"2":0,"3":0,"4":0,"5":0,"6":0,"7":0},"f":{"0":0,"1":0},"b":{}}
,"/home/project/src/components/layout/Footer.tsx": {"path":"/home/project/src/components/layout/Footer.tsx","statementMap":{"0":{"start":{"line":1,"column":0},"end":{"line":1,"column":26}},"1":{"start":{"line":2,"column":0},"end":{"line":2,"column":47}},"2":{"start":{"line":3,"column":0},"end":{"line":3,"column":40}},"3":{"start":{"line":4,"column":0},"end":{"line":4,"column":52}},"4":{"start":{"line":5,"column":0},"end":{"line":5,"column":26}},"5":{"start":{"line":7,"column":15},"end":{"line":92,"column":1}},"6":{"start":{"line":8,"column":19},"end":{"line":8,"column":32}},"7":{"start":{"line":9,"column":22},"end":{"line":9,"column":46}},"8":{"start":{"line":11,"column":27},"end":{"line":14,"column":3}},"9":{"start":{"line":12,"column":4},"end":{"line":12,"column":19}},"10":{"start":{"line":13,"column":4},"end":{"line":13,"column":26}},"11":{"start":{"line":16,"column":2},"end":{"line":91,"column":4}},"12":{"start":{"line":27,"column":37},"end":{"line":27,"column":82}},"13":{"start":{"line":33,"column":37},"end":{"line":33,"column":83}},"14":{"start":{"line":39,"column":37},"end":{"line":39,"column":81}},"15":{"start":{"line":45,"column":37},"end":{"line":45,"column":82}},"16":{"start":{"line":55,"column":12},"end":{"line":55,"column":null}},"17":{"start":{"line":59,"column":18},"end":{"line":59,"column":null}},"18":{"start":{"line":61,"column":37},"end":{"line":61,"column":64}},"19":{"start":{"line":78,"column":35},"end":{"line":78,"column":63}},"20":{"start":{"line":81,"column":35},"end":{"line":81,"column":61}},"21":{"start":{"line":84,"column":35},"end":{"line":84,"column":63}},"22":{"start":{"line":94,"column":0},"end":{"line":94,"column":22}}},"fnMap":{"0":{"name":"(anonymous_0)","decl":{"start":{"line":7,"column":15},"end":{"line":7,"column":18}},"loc":{"start":{"line":7,"column":20},"end":{"line":92,"column":1}}},"1":{"name":"(anonymous_1)","decl":{"start":{"line":11,"column":27},"end":{"line":11,"column":28}},"loc":{"start":{"line":11,"column":44},"end":{"line":14,"column":3}}},"2":{"name":"(anonymous_2)","decl":{"start":{"line":27,"column":31},"end":{"line":27,"column":34}},"loc":{"start":{"line":27,"column":37},"end":{"line":27,"column":82}}},"3":{"name":"(anonymous_3)","decl":{"start":{"line":33,"column":31},"end":{"line":33,"column":34}},"loc":{"start":{"line":33,"column":37},"end":{"line":33,"column":83}}},"4":{"name":"(anonymous_4)","decl":{"start":{"line":39,"column":31},"end":{"line":39,"column":34}},"loc":{"start":{"line":39,"column":37},"end":{"line":39,"column":81}}},"5":{"name":"(anonymous_5)","decl":{"start":{"line":45,"column":31},"end":{"line":45,"column":34}},"loc":{"start":{"line":45,"column":37},"end":{"line":45,"column":82}}},"6":{"name":"(anonymous_6)","decl":{"start":{"line":54,"column":27},"end":{"line":54,"column":28}},"loc":{"start":{"line":55,"column":12},"end":{"line":55,"column":null}}},"7":{"name":"(anonymous_7)","decl":{"start":{"line":58,"column":34},"end":{"line":58,"column":35}},"loc":{"start":{"line":59,"column":18},"end":{"line":59,"column":null}}},"8":{"name":"(anonymous_8)","decl":{"start":{"line":61,"column":31},"end":{"line":61,"column":34}},"loc":{"start":{"line":61,"column":37},"end":{"line":61,"column":64}}},"9":{"name":"(anonymous_9)","decl":{"start":{"line":78,"column":29},"end":{"line":78,"column":32}},"loc":{"start":{"line":78,"column":35},"end":{"line":78,"column":63}}},"10":{"name":"(anonymous_10)","decl":{"start":{"line":81,"column":29},"end":{"line":81,"column":32}},"loc":{"start":{"line":81,"column":35},"end":{"line":81,"column":61}}},"11":{"name":"(anonymous_11)","decl":{"start":{"line":84,"column":29},"end":{"line":84,"column":32}},"loc":{"start":{"line":84,"column":35},"end":{"line":84,"column":63}}}},"branchMap":{},"s":{"0":0,"1":0,"2":0,"3":0,"4":0,"5":0,"6":0,"7":0,"8":0,"9":0,"10":0,"11":0,"12":0,"13":0,"14":0,"15":0,"16":0,"17":0,"18":0,"19":0,"20":0,"21":0,"22":0},"f":{"0":0,"1":0,"2":0,"3":0,"4":0,"5":0,"6":0,"7":0,"8":0,"9":0,"10":0,"11":0},"b":{}}
[...]
oc":{"start":{"line":143,"column":16},"end":{"line":143,"column":38}}},"4":{"name":"(anonymous_4)","decl":{"start":{"line":156,"column":23},"end":{"line":156,"column":26}},"loc":{"start":{"line":156,"column":29},"end":{"line":156,"column":55}}}},"branchMap":{"0":{"loc":{"start":{"line":18,"column":11},"end":{"line":18,"column":42}},"type":"binary-expr","locations":[{"start":{"line":18,"column":11},"end":{"line":18,"column":33}},{"start":{"line":18,"column":37},"end":{"line":18,"column":42}}]},"1":{"loc":{"start":{"line":47,"column":6},"end":{"line":47,"column":39}},"type":"if","locations":[{"start":{"line":47,"column":6},"end":{"line":47,"column":39}}]},"2":{"loc":{"start":{"line":57,"column":6},"end":{"line":57,"column":39}},"type":"if","locations":[{"start":{"line":57,"column":6},"end":{"line":57,"column":39}}]},"3":{"loc":{"start":{"line":67,"column":2},"end":{"line":73,"column":3}},"type":"if","locations":[{"start":{"line":67,"column":2},"end":{"line":73,"column":3}}]},"4":{"loc":{"start":{"line":96,"column":13},"end":{"line":97,"column":null}},"type":"binary-expr","locations":[{"start":{"line":96,"column":13},"end":{"line":96,"column":32}},{"start":{"line":97,"column":14},"end":{"line":97,"column":88}}]},"5":{"loc":{"start":{"line":111,"column":13},"end":{"line":112,"column":null}},"type":"binary-expr","locations":[{"start":{"line":111,"column":13},"end":{"line":111,"column":25}},{"start":{"line":112,"column":14},"end":{"line":112,"column":81}}]},"6":{"loc":{"start":{"line":127,"column":13},"end":{"line":128,"column":null}},"type":"binary-expr","locations":[{"start":{"line":127,"column":13},"end":{"line":127,"column":25}},{"start":{"line":128,"column":14},"end":{"line":128,"column":81}}]},"7":{"loc":{"start":{"line":148,"column":13},"end":{"line":149,"column":null}},"type":"binary-expr","locations":[{"start":{"line":148,"column":13},"end":{"line":148,"column":34}},{"start":{"line":149,"column":14},"end":{"line":149,"column":90}}]},"8":{"loc":{"start":{"line":166,"column":15},"end":{"line":169,"column":null}},"type":"cond-expr","locations":[{"start":{"line":167,"column":16},"end":{"line":167,"column":60}},{"start":{"line":169,"column":16},"end":{"line":169,"column":28}}]}},"s":{"0":0,"1":0,"2":0,"3":0,"4":0,"5":0,"6":0,"7":0,"8":0,"9":0,"10":0,"11":0,"12":0,"13":0,"14":0,"15":0,"16":0,"17":0,"18":0,"19":0,"20":0,"21":0,"22":0,"23":0,"24":0,"25":0,"26":0,"27":0,"28":0,"29":0,"30":0,"31":0,"32":0,"33":0,"34":0,"35":0},"f":{"0":0,"1":0,"2":0,"3":0,"4":0},"b":{"0":[0,0],"1":[0],"2":[0],"3":[0],"4":[0,0],"5":[0,0],"6":[0,0],"7":[0,0],"8":[0,0]}}
,"/home/project/src/pages/dashboard/admin/AuditLogList.tsx": {"path":"/home/project/src/pages/dashboard/admin/AuditLogList.tsx","statementMap":{"0":{"start":{"line":19,"column":0},"end":{"line":19,"column":24}},"1":{"start":{"line":1,"column":0},"end":{"line":1,"column":51}},"2":{"start":{"line":2,"column":0},"end":{"line":2,"column":39}},"3":{"start":{"line":3,"column":0},"end":{"line":3,"column":47}},"4":{"start":{"line":4,"column":0},"end":{"line":4,"column":49}},"5":{"start":{"line":20,"column":26},"end":{"line":20,"column":50}},"6":{"start":{"line":21,"column":32},"end":{"line":21,"column":46}},"7":{"start":{"line":23,"column":2},"end":{"line":45,"column":9}},"8":{"start":{"line":24,"column":22},"end":{"line":42,"column":5}},"9":{"start":{"line":25,"column":6},"end":{"line":41,"column":7}},"10":{"start":{"line":26,"column":32},"end":{"line":33,"column":21}},"11":{"start":{"line":35,"column":8},"end":{"line":35,"column":31}},"12":{"start":{"line":35,"column":19},"end":{"line":35,"column":31}},"13":{"start":{"line":36,"column":8},"end":{"line":36,"column":28}},"14":{"start":{"line":38,"column":8},"end":{"line":38,"column":59}},"15":{"start":{"line":40,"column":8},"end":{"line":40,"column":26}},"16":{"start":{"line":44,"column":4},"end":{"line":44,"column":16}},"17":{"start":{"line":47,"column":2},"end":{"line":53,"column":3}},"18":{"start":{"line":48,"column":4},"end":{"line":52,"column":6}},"19":{"start":{"line":55,"column":2},"end":{"line":117,"column":4}},"20":{"start":{"line":87,"column":14},"end":{"line":87,"column":null}}},"fnMap":{"0":{"name":"AuditLogList","decl":{"start":{"line":19,"column":24},"end":{"line":19,"column":36}},"loc":{"start":{"line":19,"column":36},"end":{"line":118,"column":1}}},"1":{"name":"(anonymous_1)","decl":{"start":{"line":23,"column":12},"end":{"line":23,"column":15}},"loc":{"start":{"line":23,"column":17},"end":{"line":45,"column":3}}},"2":{"name":"(anonymous_2)","decl":{"start":{"line":24,"column":22},"end":{"line":24,"column":27}},"loc":{"start":{"line":24,"column":33},"end":{"line":42,"column":5}}},"3":{"name":"(anonymous_3)","decl":{"start":{"line":86,"column":22},"end":{"line":86,"column":23}},"loc":{"start":{"line":87,"column":14},"end":{"line":87,"column":null}}}},"branchMap":{"0":{"loc":{"start":{"line":35,"column":8},"end":{"line":35,"column":31}},"type":"if","locations":[{"start":{"line":35,"column":8},"end":{"line":35,"column":31}}]},"1":{"loc":{"start":{"line":36,"column":16},"end":{"line":36,"column":26}},"type":"binary-expr","locations":[{"start":{"line":36,"column":16},"end":{"line":36,"column":20}},{"start":{"line":36,"column":24},"end":{"line":36,"column":26}}]},"2":{"loc":{"start":{"line":47,"column":2},"end":{"line":53,"column":3}},"type":"if","locations":[{"start":{"line":47,"column":2},"end":{"line":53,"column":3}}]},"3":{"loc":{"start":{"line":96,"column":20},"end":{"line":98,"column":null}},"type":"cond-expr","locations":[{"start":{"line":96,"column":46},"end":{"line":96,"column":75}},{"start":{"line":97,"column":20},"end":{"line":98,"column":null}}]},"4":{"loc":{"start":{"line":97,"column":20},"end":{"line":98,"column":null}},"type":"cond-expr","locations":[{"start":{"line":97,"column":46},"end":{"line":97,"column":77}},{"start":{"line":98,"column":20},"end":{"line":98,"column":null}}]},"5":{"loc":{"start":{"line":108,"column":36},"end":{"line":108,"column":64}},"type":"binary-expr","locations":[{"start":{"line":108,"column":36},"end":{"line":108,"column":48}},{"start":{"line":108,"column":52},"end":{"line":108,"column":64}}]}},"s":{"0":0,"1":0,"2":0,"3":0,"4":0,"5":0,"6":0,"7":0,"8":0,"9":0,"10":0,"11":0,"12":0,"13":0,"14":0,"15":0,"16":0,"17":0,"18":0,"19":0,"20":0},"f":{"0":0,"1":0,"2":0,"3":0},"b":{"0":[0],"1":[0,0],"2":[0],"3":[0,0],"4":[0,0],"5":[0,0]}}
,"/home/project/src/pages/dashboard/admin/ClientList.tsx": {"path":"/home/project/src/pages/dashboard/admin/ClientList.tsx","statementMap":{"0":{"start":{"line":21,"column":0},"end":{"line":21,"column":24}},"1":{"start":{"line":1,"column":0},"end":{"line":1,"column":51}},"2":{"start":{"line":2,"column":0},"end":{"line":2,"column":47}},"3":{"start":{"line":3,"column":0},"end":{"line":3,"column":65}},"4":{"start":{"line":4,"column":0},"end":{"line":4,"column":31}},"5":{"start":{"line":5,"column":0},"end":{"line":5,"column":49}},"6":{"start":{"line":6,"column":0},"end":{"line":6,"column":47}},"7":{"start":{"line":22,"column":19},"end":{"line":22,"column":32}},"8":{"start":{"line":23,"column":32},"end":{"line":23,"column":54}},"9":{"start":{"line":24,"column":32},"end":{"line":24,"column":46}},"10":{"start":{"line":26,"column":23},"end":{"line":47,"column":3}},"11":{"start":{"line":27,"column":4},"end":{"line":46,"column":5}},"12":{"start":{"line":28,"column":30},"end":{"line":37,"column":50}},"13":{"start":{"line":39,"column":6},"end":{"line":39,"column":29}},"14":{"start":{"line":39,"column":17},"end":{"line":39,"column":29}},"15":{"start":{"line":40,"column":6},"end":{"line":40,"column":29}},"16":{"start":{"line":42,"column":6},"end":{"line":42,"column":54}},"17":{"start":{"line":43,"column":6},"end":{"line":43,"column":44}},"18":{"start":{"line":45,"column":6},"end":{"line":45,"column":24}},"19":{"start":{"line":49,"column":2},"end":{"line":51,"column":9}},"20":{"start":{"line":50,"column":4},"end":{"line":50,"column":19}},"21":{"start":{"line":53,"column":35},"end":{"line":65,"column":3}},"22":{"start":{"line":54,"column":4},"end":{"line":64,"column":5}},"23":{"start":{"line":55,"column":24},"end":{"line":57,"column":8}},"24":{"start":{"line":59,"column":6},"end":{"line":59,"column":29}},"25":{"start":{"line":59,"column":17},"end":{"line":59,"column":29}},"26":{"start":{"line":60,"column":6},"end":{"line":60,"column":48}},"27":{"start":{"line":62,"column":6},"end":{"line":62,"column":60}},"28":{"start":{"line":63,"column":6},"end":{"line":63,"column":51}},"29":{"start":{"line":67,"column":29},"end":{"line":85,"column":3}},"30":{"start":{"line":68,"column":4},"end":{"line":70,"column":5}},"31":{"start":{"line":69,"column":6},"end":{"line":69,"column":13}},"32":{"start":{"line":72,"column":4},"end":{"line":84,"column":5}},"33":{"start":{"line":73,"column":24},"end":{"line":76,"column":27}},"34":{"start":{"line":78,"column":6},"end":{"line":78,"column":29}},"35":{"start":{"line":78,"column":17},"end":{"line":78,"column":29}},"36":{"start":{"line":79,"column":6},"end":{"line":79,"column":45}},"37":{"start":{"line":80,"column":6},"end":{"line":80,"column":21}},"38":{"start":{"line":82,"column":6},"end":{"line":82,"column":53}},"39":{"start":{"line":83,"column":6},"end":{"line":83,"column":45}},"40":{"start":{"line":87,"column":2},"end":{"line":93,"column":3}},"41":{"start":{"line":88,"column":4},"end":{"line":92,"column":6}},"42":{"start":{"line":95,"column":2},"end":{"line":175,"column":4}},"43":{"start":{"line":105,"column":25},"end":{"line":105,"column":55}},"44":{"start":{"line":136,"column":14},"end":{"line":136,"column":null}},"45":{"start":{"line":157,"column":35},"end":{"line":157,"column":70}},"46":{"start":{"line":163,"column":35},"end":{"line":163,"column":64}}},"fnMap":{"0":{"name":"ClientList","decl":{"start":{"line":21,"column":24},"end":{"line":21,"column":34}},"loc":{"start":{"line":21,"column":34},"end":{"line":176,"column":1}}},"1":{"name":"(anonymous_1)","decl":{"start":{"line":26,"column":23},"end":{"line":26,"column":28}},"loc":{"start":{"line":26,"column":34},"end":{"line":47,"column":3}}},"2":{"name":"(anonymous_2)","decl":{"start":{"line":49,"column":12},"end":{"line":49,"column":15}},"loc":{"start":{"line":49,"column":17},"end":{"line":51,"column":3}}},"3":{"name":"(anonymous_3)","decl":{"start":{"line":53,"column":35},"end":{"line":53,"column":40}},"loc":{"start":{"line":53,"column":62},"end":{"line":65,"column":3}}},"4":{"name":"(anonymous_4)","decl":{"start":{"line":67,"column":29},"end":{"line":67,"column":34}},"loc":{"start":{"line":67,"column":56},"end":{"line":85,"column":3}}},"5":{"name":"(anonymous_5)","decl":{"start":{"line":105,"column":19},"end":{"line":105,"column":22}},"loc":{"start":{"line":105,"column":25},"end":{"line":105,"column":55}}},"6":{"name":"(anonymous_6)","decl":{"start":{"line":135,"column":25},"end":{"line":135,"column":26}},"loc":{"start":{"line":136,"column":14},"end":{"line":136,"column":null}}},"7":{"name":"(anonymous_7)","decl":{"start":{"line":157,"column":29},"end":{"line":157,"column":32}},"loc":{"start":{"line":157,"column":35},"end":{"line":157,"column":70}}},"8":{"name":"(anonymous_8)","decl":{"start":{"line":163,"column":29},"end":{"line":163,"column":32}},"loc":{"start":{"line":163,"column":35},"end":{"line":163,"column":64}}}},"branchMap":{"0":{"loc":{"start":{"line":39,"column":6},"end":{"line":39,"column":29}},"type":"if","locations":[{"start":{"line":39,"column":6},"end":{"line":39,"column":29}}]},"1":{"loc":{"start":{"line":40,"column":17},"end":{"line":40,"column":27}},"type":"binary-expr","locations":[{"start":{"line":40,"column":17},"end":{"line":40,"column":21}},{"start":{"line":40,"column":25},"end":{"line":40,"column":27}}]},"2":{"loc":{"start":{"line":59,"column":6},"end":{"line":59,"column":29}},"type":"if","locations":[{"start":{"line":59,"column":6},"end":{"line":59,"column":29}}]},"3":{"loc":{"start":{"line":68,"column":4},"end":{"line":70,"column":5}},"type":"if","locations":[{"start":{"line":68,"column":4},"end":{"line":70,"column":5}}]},"4":{"loc":{"start":{"line":78,"column":6},"end":{"line":78,"column":29}},"type":"if","locations":[{"start":{"line":78,"column":6},"end":{"line":78,"column":29}}]},"5":{"loc":{"start":{"line":87,"column":2},"end":{"line":93,"column":3}},"type":"if","locations":[{"start":{"line":87,"column":2},"end":{"line":93,"column":3}}]},"6":{"loc":{"start":{"line":145,"column":20},"end":{"line":147,"column":null}},"type":"cond-expr","locations":[{"start":{"line":146,"column":24},"end":{"line":146,"column":53}},{"start":{"line":147,"column":24},"end":{"line":147,"column":null}}]},"7":{"loc":{"start":{"line":149,"column":21},"end":{"line":149,"column":66}},"type":"binary-expr","locations":[{"start":{"line":149,"column":21},"end":{"line":149,"column":53}},{"start":{"line":149,"column":57},"end":{"line":149,"column":66}}]}},"s":{"0":0,"1":0,"2":0,"3":0,"4":0,"5":0,"6":0,"7":0,"8":0,"9":0,"10":0,"11":0,"12":0,"13":0,"14":0,"15":0,"16":0,"17":0,"18":0,"19":0,"20":0,"21":0,"22":0,"23":0,"24":0,"25":0,"26":0,"27":0,"28":0,"29":0,"30":0,"31":0,"32":0,"33":0,"34":0,"35":0,"36":0,"37":0,"38":0,"39":0,"40":0,"41":0,"42":0,"43":0,"44":0,"45":0,"46":0},"f":{"0":0,"1":0,"2":0,"3":0,"4":0,"5":0,"6":0,"7":0,"8":0},"b":{"0":[0],"1":[0,0],"2":[0],"3":[0],"4":[0],"5":[0],"6":[0,0],"7":[0,0]}}
,"/home/project/src/pages/solutions/GroceryPOS.tsx": {"path":"/home/project/src/pages/solutions/GroceryPOS.tsx","statementMap":{"0":{"start":{"line":8,"column":0},"end":{"line":8,"column":24}},"1":{"start":{"line":1,"column":0},"end":{"line":1,"column":26}},"2":{"start":{"line":2,"column":0},"end":{"line":2,"column":50}},"3":{"start":{"line":3,"column":0},"end":{"line":3,"column":null}},"4":{"start":{"line":9,"column":2},"end":{"line":212,"column":4}}},"fnMap":{"0":{"name":"GroceryPOS","decl":{"start":{"line":8,"column":24},"end":{"line":8,"column":34}},"loc":{"start":{"line":8,"column":34},"end":{"line":213,"column":1}}}},"branchMap":{},"s":{"0":0,"1":0,"2":0,"3":0,"4":0},"f":{"0":0},"b":{}}
,"/home/project/src/pages/solutions/MerchantServices.tsx": {"path":"/home/project/src/pages/solutions/MerchantServices.tsx","statementMap":{"0":{"start":{"line":8,"column":0},"end":{"line":8,"column":24}},"1":{"start":{"line":1,"column":0},"end":{"line":1,"column":26}},"2":{"start":{"line":2,"column":0},"end":{"line":2,"column":47}},"3":{"start":{"line":3,"column":0},"end":{"line":3,"column":50}},"4":{"start":{"line":4,"column":0},"end":{"line":4,"column":null}},"5":{"start":{"line":9,"column":19},"end":{"line":9,"column":32}},"6":{"start":{"line":11,"column":27},"end":{"line":13,"column":3}},"7":{"start":{"line":12,"column":4},"end":{"line":12,"column":24}},"8":{"start":{"line":15,"column":29},"end":{"line":17,"column":3}},"9":{"start":{"line":16,"column":4},"end":{"line":16,"column":25}},"10":{"start":{"line":19,"column":2},"end":{"line":207,"column":4}}},"fnMap":{"0":{"name":"MerchantServices","decl":{"start":{"line":8,"column":24},"end":{"line":8,"column":40}},"loc":{"start":{"line":8,"column":40},"end":{"line":208,"column":1}}},"1":{"name":"(anonymous_1)","decl":{"start":{"line":11,"column":27},"end":{"line":11,"column":30}},"loc":{"start":{"line":11,"column":32},"end":{"line":13,"column":3}}},"2":{"name":"(anonymous_2)","decl":{"start":{"line":15,"column":29},"end":{"line":15,"column":32}},"loc":{"start":{"line":15,"column":34},"end":{"line":17,"column":3}}}},"branchMap":{},"s":{"0":0,"1":0,"2":0,"3":0,"4":0,"5":0,"6":0,"7":0,"8":0,"9":0,"10":0},"f":{"0":0,"1":0,"2":0},"b":{}}
,"/home/project/src/pages/solutions/PayrollPricing.tsx": {"path":"/home/project/src/pages/solutions/PayrollPricing.tsx","statementMap":{"0":{"start":{"line":6,"column":0},"end":{"line":6,"column":24}},"1":{"start":{"line":1,"column":0},"end":{"line":1,"column":26}},"2":{"start":{"line":2,"column":0},"end":{"line":2,"column":50}},"3":{"start":{"line":3,"column":0},"end":{"line":3,"column":43}},"4":{"start":{"line":4,"column":0},"end":{"line":4,"column":47}},"5":{"start":{"line":7,"column":19},"end":{"line":7,"column":32}},"6":{"start":{"line":9,"column":27},"end":{"line":11,"column":3}},"7":{"start":{"line":10,"column":4},"end":{"line":10,"column":24}},"8":{"start":{"line":13,"column":29},"end":{"line":15,"column":3}},"9":{"start":{"line":14,"column":4},"end":{"line":14,"column":25}},"10":{"start":{"line":17,"column":2},"end":{"line":239,"column":4}}},"fnMap":{"0":{"name":"PayrollPricing","decl":{"start":{"line":6,"column":24},"end":{"line":6,"column":38}},"loc":{"start":{"line":6,"column":38},"end":{"line":240,"column":1}}},"1":{"name":"(anonymous_1)","decl":{"start":{"line":9,"column":27},"end":{"line":9,"column":30}},"loc":{"start":{"line":9,"column":32},"end":{"line":11,"column":3}}},"2":{"name":"(anonymous_2)","decl":{"start":{"line":13,"column":29},"end":{"line":13,"column":32}},"loc":{"start":{"line":13,"column":34},"end":{"line":15,"column":3}}}},"branchMap":{},"s":{"0":0,"1":0,"2":0,"3":0,"4":0,"5":0,"6":0,"7":0,"8":0,"9":0,"10":0},"f":{"0":0,"1":0,"2":0},"b":{}}
,"/home/project/src/pages/solutions/PayrollSolution.tsx": {"path":"/home/project/src/pages/solutions/PayrollSolution.tsx","statementMap":{"0":{"start":{"line":9,"column":0},"end":{"line":9,"column":24}},"1":{"start":{"line":1,"column":0},"end":{"line":1,"column":26}},"2":{"start":{"line":2,"column":0},"end":{"line":2,"column":47}},"3":{"start":{"line":3,"column":0},"end":{"line":3,"column":50}},"4":{"start":{"line":4,"column":0},"end":{"line":4,"column":null}},"5":{"start":{"line":10,"column":19},"end":{"line":10,"column":32}},"6":{"start":{"line":12,"column":28},"end":{"line":14,"column":3}},"7":{"start":{"line":13,"column":4},"end":{"line":13,"column":43}},"8":{"start":{"line":16,"column":29},"end":{"line":18,"column":3}},"9":{"start":{"line":17,"column":4},"end":{"line":17,"column":25}},"10":{"start":{"line":20,"column":2},"end":{"line":161,"column":4}}},"fnMap":{"0":{"name":"PayrollSolution","decl":{"start":{"line":9,"column":24},"end":{"line":9,"column":39}},"loc":{"start":{"line":9,"column":39},"end":{"line":162,"column":1}}},"1":{"name":"(anonymous_1)","decl":{"start":{"line":12,"column":28},"end":{"line":12,"column":31}},"loc":{"start":{"line":12,"column":33},"end":{"line":14,"column":3}}},"2":{"name":"(anonymous_2)","decl":{"start":{"line":16,"column":29},"end":{"line":16,"column":32}},"loc":{"start":{"line":16,"column":34},"end":{"line":18,"column":3}}}},"branchMap":{},"s":{"0":0,"1":0,"2":0,"3":0,"4":0,"5":0,"6":0,"7":0,"8":0,"9":0,"10":0},"f":{"0":0,"1":0,"2":0},"b":{}}
,"/home/project/src/pages/solutions/RestaurantPOS.tsx": {"path":"/home/project/src/pages/solutions/RestaurantPOS.tsx","statementMap":{"0":{"start":{"line":9,"column":0},"end":{"line":9,"column":24}},"1":{"start":{"line":1,"column":0},"end":{"line":1,"column":26}},"2":{"start":{"line":2,"column":0},"end":{"line":2,"column":47}},"3":{"start":{"line":3,"column":0},"end":{"line":3,"column":50}},"4":{"start":{"line":4,"column":0},"end":{"line":4,"column":null}},"5":{"start":{"line":10,"column":19},"end":{"line":10,"column":32}},"6":{"start":{"line":12,"column":27},"end":{"line":14,"column":3}},"7":{"start":{"line":13,"column":4},"end":{"line":13,"column":24}},"8":{"start":{"line":16,"column":25},"end":{"line":18,"column":3}},"9":{"start":{"line":17,"column":4},"end":{"line":17,"column":25}},"10":{"start":{"line":20,"column":2},"end":{"line":225,"column":4}}},"fnMap":{"0":{"name":"RestaurantPOS","decl":{"start":{"line":9,"column":24},"end":{"line":9,"column":37}},"loc":{"start":{"line":9,"column":37},"end":{"line":226,"column":1}}},"1":{"name":"(anonymous_1)","decl":{"start":{"line":12,"column":27},"end":{"line":12,"column":30}},"loc":{"start":{"line":12,"column":32},"end":{"line":14,"column":3}}},"2":{"name":"(anonymous_2)","decl":{"start":{"line":16,"column":25},"end":{"line":16,"column":28}},"loc":{"start":{"line":16,"column":30},"end":{"line":18,"column":3}}}},"branchMap":{},"s":{"0":0,"1":0,"2":0,"3":0,"4":0,"5":0,"6":0,"7":0,"8":0,"9":0,"10":0},"f":{"0":0,"1":0,"2":0},"b":{}}
}
