TN:
SF:src/App.tsx
FN:25,App
FNF:1
FNH:0
FNDA:0,App
DA:1,0
DA:2,0
DA:3,0
DA:4,0
DA:5,0
DA:6,0
DA:7,0
DA:8,0
DA:9,0
DA:10,0
DA:11,0
DA:12,0
DA:13,0
DA:14,0
DA:15,0
DA:16,0
DA:17,0
DA:18,0
DA:19,0
DA:20,0
DA:21,0
DA:22,0
DA:23,0
DA:26,0
DA:65,0
LF:25
LH:0
BRF:0
BRH:0
end_of_record
TN:
SF:src/main.tsx
FNF:0
FNH:0
DA:1,0
DA:2,0
DA:3,0
DA:4,0
DA:5,0
DA:6,0
DA:9,0
DA:12,0
DA:14,0
LF:9
LH:0
BRF:0
BRH:0
end_of_record
TN:
SF:src/service-worker.ts
FN:15,(anonymous_0)
FN:29,(anonymous_1)
FN:44,(anonymous_2)
FN:47,(anonymous_3)
FNF:4
FNH:0
FNDA:0,(anonymous_0)
FNDA:0,(anonymous_1)
FNDA:0,(anonymous_2)
FNDA:0,(anonymous_3)
DA:3,0
DA:4,0
DA:5,0
DA:6,0
DA:11,0
DA:14,0
DA:15,0
DA:28,0
DA:29,0
DA:44,0
DA:45,0
DA:46,0
DA:48,0
LF:13
LH:0
BRDA:29,0,0,0
BRDA:29,0,1,0
BRDA:29,0,2,0
BRDA:45,1,0,0
BRF:4
BRH:0
end_of_record
TN:
SF:src/components/admin/CashflowSettings.tsx
FN:14,(anonymous_0)
FN:18,(anonymous_1)
FN:23,CashflowSettings
FN:29,(anonymous_3)
FN:33,(anonymous_4)
FN:56,(anonymous_5)
FNF:6
FNH:0
FNDA:0,(anonymous_0)
FNDA:0,(anonymous_1)
FNDA:0,CashflowSettings
FNDA:0,(anonymous_3)
FNDA:0,(anonymous_4)
FNDA:0,(anonymous_5)
DA:1,0
DA:2,0
DA:3,0
DA:4,0
DA:5,0
DA:6,0
DA:7,0
DA:9,0
DA:11,0
DA:14,0
DA:18,0
DA:23,0
DA:24,0
DA:25,0
DA:29,0
DA:30,0
DA:33,0
DA:34,0
DA:35,0
DA:41,0
DA:43,0
DA:44,0
DA:45,0
DA:46,0
DA:49,0
DA:50,0
DA:52,0
DA:56,0
DA:57,0
DA:58,0
DA:67,0
DA:68,0
DA:70,0
DA:71,0
DA:75,0
DA:76,0
DA:83,0
LF:37
LH:0
BRDA:14,0,0,0
BRDA:14,0,1,0
BRDA:18,1,0,0
BRDA:18,1,1,0
BRDA:41,2,0,0
BRDA:43,3,0,0
BRDA:44,4,0,0
BRDA:44,4,1,0
BRDA:45,5,0,0
BRDA:45,5,1,0
BRDA:46,6,0,0
BRDA:46,6,1,0
BRDA:67,7,0,0
BRDA:75,8,0,0
BRDA:103,9,0,0
BRDA:103,9,1,0
BRDA:120,10,0,0
BRDA:120,10,1,0
BRDA:143,11,0,0
BRDA:143,11,1,0
BRF:20
BRH:0
end_of_record
TN:
SF:src/components/auth/LoginForm.tsx
FN:5,LoginForm
FNF:1
FNH:0
FNDA:0,LoginForm
DA:1,0
DA:2,0
DA:3,0
DA:5,0
DA:6,0
LF:5
LH:0
BRF:0
BRH:0
end_of_record
TN:
SF:src/components/auth/ProtectedRoute.tsx
FN:4,ProtectedRoute
FNF:1
FNH:0
FNDA:0,ProtectedRoute
DA:1,0
DA:2,0
DA:4,0
DA:5,0
DA:7,0
DA:8,0
DA:11,0
DA:12,0
DA:15,0
LF:9
LH:0
BRDA:7,0,0,0
BRDA:11,1,0,0
BRF:2
BRH:0
end_of_record
TN:
SF:src/components/chat/ChatWidget.tsx
FN:13,ChatWidget
FN:20,(anonymous_1)
FN:24,(anonymous_2)
FN:28,(anonymous_3)
FN:29,(anonymous_4)
FN:29,(anonymous_5)
FN:42,(anonymous_6)
FN:53,(anonymous_7)
FN:64,(anonymous_8)
FN:75,(anonymous_9)
FN:93,(anonymous_10)
FN:105,(anonymous_11)
FN:120,(anonymous_12)
FN:140,(anonymous_13)
FN:146,(anonymous_14)
FN:177,(anonymous_15)
FNF:16
FNH:0
FNDA:0,ChatWidget
FNDA:0,(anonymous_1)
FNDA:0,(anonymous_2)
FNDA:0,(anonymous_3)
FNDA:0,(anonymous_4)
FNDA:0,(anonymous_5)
FNDA:0,(anonymous_6)
FNDA:0,(anonymous_7)
FNDA:0,(anonymous_8)
FNDA:0,(anonymous_9)
FNDA:0,(anonymous_10)
FNDA:0,(anonymous_11)
FNDA:0,(anonymous_12)
FNDA:0,(anonymous_13)
FNDA:0,(anonymous_14)
FNDA:0,(anonymous_15)
DA:1,0
DA:2,0
DA:3,0
DA:13,0
DA:14,0
DA:15,0
DA:16,0
DA:17,0
DA:18,0
DA:20,0
DA:21,0
DA:24,0
DA:25,0
DA:28,0
DA:29,0
DA:30,0
DA:33,0
DA:34,0
DA:38,0
DA:42,0
DA:43,0
DA:44,0
DA:46,0
DA:53,0
DA:54,0
DA:55,0
DA:57,0
DA:58,0
DA:62,0
DA:64,0
DA:74,0
DA:75,0
DA:85,0
DA:89,0
DA:93,0
DA:105,0
DA:121,0
DA:140,0
DA:146,0
DA:177,0
LF:40
LH:0
BRDA:30,0,0,0
BRDA:30,0,1,0
BRDA:44,1,0,0
BRDA:44,2,0,0
BRDA:44,2,1,0
BRDA:62,3,0,0
BRDA:91,4,0,0
BRDA:91,4,1,0
BRDA:100,5,0,0
BRDA:100,5,1,0
BRDA:113,6,0,0
BRDA:113,6,1,0
BRDA:124,7,0,0
BRDA:124,7,1,0
BRDA:130,8,0,0
BRDA:130,8,1,0
BRDA:137,9,0,0
BRDA:137,9,1,0
BRDA:137,9,2,0
BRDA:153,10,0,0
BRDA:153,10,1,0
BRDA:161,11,0,0
BRDA:161,11,1,0
BRDA:184,12,0,0
BRDA:184,12,1,0
BRF:25
BRH:0
end_of_record
TN:
SF:src/components/dashboard/admin/ArchiveClientModal.tsx
FN:13,ArchiveClientModal
FN:23,(anonymous_1)
FN:77,(anonymous_2)
FN:92,(anonymous_3)
FNF:4
FNH:0
FNDA:0,ArchiveClientModal
FNDA:0,(anonymous_1)
FNDA:0,(anonymous_2)
FNDA:0,(anonymous_3)
DA:1,0
DA:2,0
DA:3,0
DA:4,0
DA:13,0
DA:19,0
DA:20,0
DA:21,0
DA:23,0
DA:24,0
DA:25,0
DA:26,0
DA:27,0
DA:30,0
DA:31,0
DA:32,0
DA:38,0
DA:40,0
DA:41,0
DA:42,0
DA:44,0
DA:45,0
DA:47,0
DA:51,0
DA:77,0
DA:92,0
LF:26
LH:0
BRDA:25,0,0,0
BRDA:38,1,0,0
BRDA:113,2,0,0
BRDA:113,2,1,0
BRDA:116,3,0,0
BRDA:116,3,1,0
BRF:6
BRH:0
end_of_record
TN:
SF:src/components/dashboard/alerts/RiskAlertsList.tsx
FN:30,RiskAlertsList
FN:36,(anonymous_1)
FN:42,(anonymous_2)
FN:73,(anonymous_3)
FN:88,(anonymous_4)
FN:101,(anonymous_5)
FN:138,(anonymous_6)
FN:160,(anonymous_7)
FN:179,(anonymous_8)
FN:210,(anonymous_9)
FNF:10
FNH:0
FNDA:0,RiskAlertsList
FNDA:0,(anonymous_1)
FNDA:0,(anonymous_2)
FNDA:0,(anonymous_3)
FNDA:0,(anonymous_4)
FNDA:0,(anonymous_5)
FNDA:0,(anonymous_6)
FNDA:0,(anonymous_7)
FNDA:0,(anonymous_8)
FNDA:0,(anonymous_9)
DA:1,0
DA:2,0
DA:3,0
DA:4,0
DA:5,0
DA:6,0
DA:7,0
DA:30,0
DA:31,0
DA:32,0
DA:33,0
DA:34,0
DA:36,0
DA:37,0
DA:38,0
DA:42,0
DA:43,0
DA:44,0
DA:47,0
DA:53,0
DA:56,0
DA:62,0
DA:64,0
DA:65,0
DA:67,0
DA:69,0
DA:73,0
DA:74,0
DA:75,0
DA:76,0
DA:81,0
DA:83,0
DA:88,0
DA:92,0
DA:95,0
DA:97,0
DA:101,0
DA:102,0
DA:105,0
DA:106,0
DA:113,0
DA:115,0
DA:116,0
DA:129,0
DA:139,0
DA:160,0
DA:180,0
DA:210,0
LF:48
LH:0
BRDA:37,0,0,0
BRDA:53,1,0,0
BRDA:62,2,0,0
BRDA:64,3,0,0
BRDA:64,3,1,0
BRDA:65,4,0,0
BRDA:65,4,1,0
BRDA:75,5,0,0
BRDA:75,5,1,0
BRDA:81,6,0,0
BRDA:92,7,0,0
BRDA:105,8,0,0
BRDA:113,9,0,0
BRDA:113,9,1,0
BRDA:115,10,0,0
BRDA:132,11,0,0
BRDA:132,11,1,0
BRDA:139,12,0,0
BRDA:139,12,1,0
BRDA:142,13,0,0
BRDA:142,13,1,0
BRDA:145,14,0,0
BRDA:145,14,1,0
BRDA:146,15,0,0
BRDA:146,15,1,0
BRDA:156,16,0,0
BRDA:156,16,1,0
BRDA:173,17,0,0
BRDA:173,17,1,0
BRDA:180,18,0,0
BRDA:180,18,1,0
BRDA:183,19,0,0
BRDA:183,19,1,0
BRDA:187,20,0,0
BRDA:187,20,1,0
BRDA:206,21,0,0
BRDA:206,21,1,0
BRF:37
BRH:0
end_of_record
TN:
SF:src/components/dashboard/audit/AuditLogList.tsx
FN:10,AuditLogList
FN:61,(anonymous_1)
FNF:2
FNH:0
FNDA:0,AuditLogList
FNDA:0,(anonymous_1)
DA:1,0
DA:2,0
DA:3,0
DA:4,0
DA:10,0
DA:11,0
DA:13,0
DA:14,0
DA:21,0
DA:22,0
DA:31,0
DA:62,0
LF:12
LH:0
BRDA:13,0,0,0
BRDA:21,1,0,0
BRDA:71,2,0,0
BRDA:71,2,1,0
BRDA:72,3,0,0
BRDA:72,3,1,0
BRDA:83,4,0,0
BRDA:83,4,1,0
BRF:8
BRH:0
end_of_record
TN:
SF:src/components/dashboard/locations/CreateLocationForm.tsx
FN:11,CreateLocationForm
FN:18,(anonymous_1)
FN:47,(anonymous_2)
FN:60,(anonymous_3)
FNF:4
FNH:0
FNDA:0,CreateLocationForm
FNDA:0,(anonymous_1)
FNDA:0,(anonymous_2)
FNDA:0,(anonymous_3)
DA:1,0
DA:2,0
DA:3,0
DA:4,0
DA:11,0
DA:12,0
DA:13,0
DA:18,0
DA:19,0
DA:20,0
DA:24,0
DA:27,0
DA:47,0
DA:60,0
LF:14
LH:0
BRF:0
BRH:0
end_of_record
TN:
SF:src/components/dashboard/locations/EditLocationForm.tsx
FN:14,EditLocationForm
FN:21,(anonymous_1)
FN:47,(anonymous_2)
FN:60,(anonymous_3)
FNF:4
FNH:0
FNDA:0,EditLocationForm
FNDA:0,(anonymous_1)
FNDA:0,(anonymous_2)
FNDA:0,(anonymous_3)
DA:1,0
DA:2,0
DA:3,0
DA:4,0
DA:14,0
DA:15,0
DA:16,0
DA:21,0
DA:22,0
DA:23,0
DA:24,0
DA:27,0
DA:47,0
DA:60,0
LF:14
LH:0
BRDA:18,0,0,0
BRDA:18,0,1,0
BRF:2
BRH:0
end_of_record
TN:
SF:src/components/dashboard/locations/LocationList.tsx
FN:15,LocationList
FN:37,(anonymous_1)
FN:66,(anonymous_2)
FN:79,(anonymous_3)
FN:86,(anonymous_4)
FN:102,(anonymous_5)
FN:109,(anonymous_6)
FNF:7
FNH:0
FNDA:0,LocationList
FNDA:0,(anonymous_1)
FNDA:0,(anonymous_2)
FNDA:0,(anonymous_3)
FNDA:0,(anonymous_4)
FNDA:0,(anonymous_5)
FNDA:0,(anonymous_6)
DA:1,0
DA:2,0
DA:3,0
DA:4,0
DA:5,0
DA:6,0
DA:15,0
DA:16,0
DA:17,0
DA:18,0
DA:20,0
DA:21,0
DA:28,0
DA:37,0
DA:67,0
DA:79,0
DA:86,0
DA:102,0
DA:109,0
LF:19
LH:0
BRDA:20,0,0,0
BRDA:43,1,0,0
BRDA:43,1,1,0
BRDA:99,2,0,0
BRDA:99,2,1,0
BRDA:106,3,0,0
BRDA:106,3,1,0
BRF:7
BRH:0
end_of_record
TN:
SF:src/components/dashboard/organizations/CreateOrganizationForm.tsx
FN:11,CreateOrganizationForm
FN:20,(anonymous_1)
FN:56,(anonymous_2)
FN:71,(anonymous_3)
FN:88,(anonymous_4)
FN:93,(anonymous_5)
FNF:6
FNH:0
FNDA:0,CreateOrganizationForm
FNDA:0,(anonymous_1)
FNDA:0,(anonymous_2)
FNDA:0,(anonymous_3)
FNDA:0,(anonymous_4)
FNDA:0,(anonymous_5)
DA:1,0
DA:2,0
DA:3,0
DA:4,0
DA:5,0
DA:11,0
DA:12,0
DA:13,0
DA:14,0
DA:20,0
DA:21,0
DA:22,0
DA:23,0
DA:26,0
DA:27,0
DA:36,0
DA:56,0
DA:71,0
DA:88,0
DA:94,0
LF:20
LH:0
BRDA:26,0,0,0
BRF:1
BRH:0
end_of_record
TN:
SF:src/components/dashboard/organizations/OrganizationList.tsx
FN:9,OrganizationList
FN:32,(anonymous_1)
FN:36,(anonymous_2)
FNF:3
FNH:0
FNDA:0,OrganizationList
FNDA:0,(anonymous_1)
FNDA:0,(anonymous_2)
DA:1,0
DA:2,0
DA:3,0
DA:9,0
DA:10,0
DA:12,0
DA:13,0
DA:20,0
DA:21,0
DA:30,0
DA:33,0
DA:36,0
LF:12
LH:0
BRDA:12,0,0,0
BRDA:20,1,0,0
BRDA:48,2,0,0
BRDA:48,2,1,0
BRF:4
BRH:0
end_of_record
TN:
SF:src/components/dashboard/transactions/TransactionForm.tsx
FN:14,(anonymous_0)
FN:25,TransactionForm
FN:38,(anonymous_2)
FNF:3
FNH:0
FNDA:0,(anonymous_0)
FNDA:0,TransactionForm
FNDA:0,(anonymous_2)
DA:1,0
DA:2,0
DA:3,0
DA:4,0
DA:5,0
DA:6,0
DA:7,0
DA:9,0
DA:14,0
DA:25,0
DA:26,0
DA:27,0
DA:29,0
DA:38,0
DA:39,0
DA:40,0
DA:41,0
DA:46,0
DA:47,0
DA:49,0
DA:51,0
DA:55,0
LF:22
LH:0
BRDA:47,0,0,0
BRDA:71,1,0,0
BRDA:71,1,1,0
BRDA:92,2,0,0
BRDA:92,2,1,0
BRDA:117,3,0,0
BRDA:117,3,1,0
BRF:7
BRH:0
end_of_record
TN:
SF:src/components/dashboard/transactions/TransactionStats.tsx
FN:10,TransactionStatsDisplay
FN:16,(anonymous_1)
FN:28,(anonymous_2)
FN:29,(anonymous_3)
FN:32,(anonymous_4)
FN:40,(anonymous_5)
FNF:6
FNH:0
FNDA:0,TransactionStatsDisplay
FNDA:0,(anonymous_1)
FNDA:0,(anonymous_2)
FNDA:0,(anonymous_3)
FNDA:0,(anonymous_4)
FNDA:0,(anonymous_5)
DA:1,0
DA:2,0
DA:3,0
DA:4,0
DA:10,0
DA:11,0
DA:13,0
DA:14,0
DA:17,0
DA:28,0
DA:29,0
DA:32,0
DA:33,0
DA:34,0
DA:36,0
DA:40,0
DA:41,0
DA:42,0
DA:45,0
LF:19
LH:0
BRDA:13,0,0,0
BRDA:33,1,0,0
BRDA:57,2,0,0
BRDA:57,2,1,0
BRDA:60,3,0,0
BRDA:60,3,1,0
BRDA:75,4,0,0
BRDA:75,4,1,0
BRDA:78,5,0,0
BRDA:78,5,1,0
BRF:10
BRH:0
end_of_record
TN:
SF:src/components/dashboard/users/CreateUserForm.tsx
FN:11,CreateUserForm
FN:18,(anonymous_1)
FN:48,(anonymous_2)
FN:61,(anonymous_3)
FNF:4
FNH:0
FNDA:0,CreateUserForm
FNDA:0,(anonymous_1)
FNDA:0,(anonymous_2)
FNDA:0,(anonymous_3)
DA:1,0
DA:2,0
DA:3,0
DA:4,0
DA:11,0
DA:12,0
DA:13,0
DA:18,0
DA:19,0
DA:20,0
DA:25,0
DA:28,0
DA:48,0
DA:61,0
LF:14
LH:0
BRF:0
BRH:0
end_of_record
TN:
SF:src/components/dashboard/users/UserList.tsx
FN:6,UserList
FN:45,(anonymous_1)
FN:54,(anonymous_2)
FNF:3
FNH:0
FNDA:0,UserList
FNDA:0,(anonymous_1)
FNDA:0,(anonymous_2)
DA:1,0
DA:2,0
DA:3,0
DA:4,0
DA:6,0
DA:7,0
DA:9,0
DA:10,0
DA:17,0
DA:46,0
DA:54,0
LF:11
LH:0
BRDA:9,0,0,0
BRF:1
BRH:0
end_of_record
TN:
SF:src/components/home/BusinessLines.tsx
FN:8,(anonymous_0)
FN:11,(anonymous_1)
FN:26,(anonymous_2)
FN:39,(anonymous_3)
FNF:4
FNH:0
FNDA:0,(anonymous_0)
FNDA:0,(anonymous_1)
FNDA:0,(anonymous_2)
FNDA:0,(anonymous_3)
DA:1,0
DA:2,0
DA:3,0
DA:4,0
DA:5,0
DA:6,0
DA:8,0
DA:9,0
DA:11,0
DA:12,0
DA:13,0
DA:16,0
DA:27,0
DA:39,0
DA:52,0
LF:15
LH:0
BRF:0
BRH:0
end_of_record
TN:
SF:src/components/home/CTA.tsx
FN:5,(anonymous_0)
FN:8,(anonymous_1)
FN:12,(anonymous_2)
FNF:3
FNH:0
FNDA:0,(anonymous_0)
FNDA:0,(anonymous_1)
FNDA:0,(anonymous_2)
DA:1,0
DA:2,0
DA:3,0
DA:5,0
DA:6,0
DA:8,0
DA:9,0
DA:12,0
DA:13,0
DA:16,0
DA:42,0
LF:11
LH:0
BRF:0
BRH:0
end_of_record
TN:
SF:src/components/home/Features.tsx
FN:38,(anonymous_0)
FN:49,(anonymous_1)
FNF:2
FNH:0
FNDA:0,(anonymous_0)
FNDA:0,(anonymous_1)
DA:1,0
DA:2,0
DA:3,0
DA:5,0
DA:38,0
DA:39,0
DA:50,0
DA:63,0
LF:8
LH:0
BRF:0
BRH:0
end_of_record
TN:
SF:src/components/home/Hero.tsx
FN:5,(anonymous_0)
FN:10,(anonymous_1)
FN:11,(anonymous_2)
FN:12,(anonymous_3)
FN:14,(anonymous_4)
FN:17,(anonymous_5)
FN:21,(anonymous_6)
FNF:7
FNH:0
FNDA:0,(anonymous_0)
FNDA:0,(anonymous_1)
FNDA:0,(anonymous_2)
FNDA:0,(anonymous_3)
FNDA:0,(anonymous_4)
FNDA:0,(anonymous_5)
FNDA:0,(anonymous_6)
DA:1,0
DA:2,0
DA:3,0
DA:5,0
DA:6,0
DA:7,0
DA:8,0
DA:10,0
DA:11,0
DA:12,0
DA:14,0
DA:17,0
DA:18,0
DA:21,0
DA:22,0
DA:25,0
DA:82,0
LF:17
LH:0
BRF:0
BRH:0
end_of_record
TN:
SF:src/components/home/LatestBlogs.tsx
FN:7,(anonymous_0)
FN:11,(anonymous_1)
FN:15,(anonymous_2)
FN:37,(anonymous_3)
FN:62,(anonymous_4)
FNF:5
FNH:0
FNDA:0,(anonymous_0)
FNDA:0,(anonymous_1)
FNDA:0,(anonymous_2)
FNDA:0,(anonymous_3)
FNDA:0,(anonymous_4)
DA:1,0
DA:2,0
DA:3,0
DA:4,0
DA:5,0
DA:7,0
DA:8,0
DA:9,0
DA:11,0
DA:12,0
DA:15,0
DA:16,0
DA:19,0
DA:38,0
DA:62,0
DA:75,0
LF:16
LH:0
BRF:0
BRH:0
end_of_record
TN:
SF:src/components/home/Testimonials.tsx
FN:26,(anonymous_0)
FN:37,(anonymous_1)
FNF:2
FNH:0
FNDA:0,(anonymous_0)
FNDA:0,(anonymous_1)
DA:1,0
DA:2,0
DA:3,0
DA:5,0
DA:26,0
DA:27,0
DA:38,0
DA:59,0
LF:8
LH:0
BRF:0
BRH:0
end_of_record
TN:
SF:src/components/layout/Footer.tsx
FN:7,(anonymous_0)
FN:11,(anonymous_1)
FN:27,(anonymous_2)
FN:33,(anonymous_3)
FN:39,(anonymous_4)
FN:45,(anonymous_5)
FN:54,(anonymous_6)
FN:58,(anonymous_7)
FN:61,(anonymous_8)
FN:78,(anonymous_9)
FN:81,(anonymous_10)
FN:84,(anonymous_11)
FNF:12
FNH:0
FNDA:0,(anonymous_0)
FNDA:0,(anonymous_1)
FNDA:0,(anonymous_2)
FNDA:0,(anonymous_3)
FNDA:0,(anonymous_4)
FNDA:0,(anonymous_5)
FNDA:0,(anonymous_6)
FNDA:0,(anonymous_7)
FNDA:0,(anonymous_8)
FNDA:0,(anonymous_9)
FNDA:0,(anonymous_10)
FNDA:0,(anonymous_11)
DA:1,0
DA:2,0
DA:3,0
DA:4,0
DA:5,0
DA:7,0
DA:8,0
DA:9,0
DA:11,0
DA:12,0
DA:13,0
DA:16,0
DA:27,0
DA:33,0
DA:39,0
DA:45,0
DA:55,0
DA:59,0
DA:61,0
DA:78,0
DA:81,0
DA:84,0
DA:94,0
LF:23
LH:0
BRF:0
BRH:0
end_of_record
TN:
SF:src/components/layout/Header.tsx
FN:8,(anonymous_0)
FN:14,(anonymous_1)
FN:16,(anonymous_2)
FN:17,(anonymous_3)
FN:26,(anonymous_4)
FN:29,(anonymous_5)
FN:37,(anonymous_6)
FN:55,(anonymous_7)
FN:62,(anonymous_8)
FN:69,(anonymous_9)
FN:80,(anonymous_10)
FN:83,(anonymous_11)
FN:97,(anonymous_12)
FN:107,(anonymous_13)
FN:127,(anonymous_14)
FN:133,(anonymous_15)
FN:140,(anonymous_16)
FN:143,(anonymous_17)
FN:154,(anonymous_18)
FN:165,(anonymous_19)
FN:171,(anonymous_20)
FNF:21
FNH:0
FNDA:0,(anonymous_0)
FNDA:0,(anonymous_1)
FNDA:0,(anonymous_2)
FNDA:0,(anonymous_3)
FNDA:0,(anonymous_4)
FNDA:0,(anonymous_5)
FNDA:0,(anonymous_6)
FNDA:0,(anonymous_7)
FNDA:0,(anonymous_8)
FNDA:0,(anonymous_9)
FNDA:0,(anonymous_10)
FNDA:0,(anonymous_11)
FNDA:0,(anonymous_12)
FNDA:0,(anonymous_13)
FNDA:0,(anonymous_14)
FNDA:0,(anonymous_15)
FNDA:0,(anonymous_16)
FNDA:0,(anonymous_17)
FNDA:0,(anonymous_18)
FNDA:0,(anonymous_19)
FNDA:0,(anonymous_20)
DA:1,0
DA:2,0
DA:3,0
DA:4,0
DA:5,0
DA:6,0
DA:8,0
DA:9,0
DA:10,0
DA:11,0
DA:12,0
DA:14,0
DA:16,0
DA:17,0
DA:18,0
DA:19,0
DA:21,0
DA:25,0
DA:26,0
DA:29,0
DA:30,0
DA:31,0
DA:33,0
DA:37,0
DA:38,0
DA:39,0
DA:40,0
DA:43,0
DA:56,0
DA:62,0
DA:69,0
DA:81,0
DA:83,0
DA:97,0
DA:107,0
DA:128,0
DA:133,0
DA:141,0
DA:143,0
DA:154,0
DA:165,0
DA:171,0
DA:184,0
LF:43
LH:0
BRDA:18,0,0,0
BRDA:18,0,1,0
BRDA:30,1,0,0
BRDA:30,1,1,0
BRDA:46,2,0,0
BRDA:46,2,1,0
BRDA:51,3,0,0
BRDA:51,3,1,0
BRDA:57,4,0,0
BRDA:57,4,1,0
BRDA:60,5,0,0
BRDA:60,5,1,0
BRDA:71,6,0,0
BRDA:71,6,1,0
BRDA:78,7,0,0
BRDA:78,7,1,0
BRDA:99,8,0,0
BRDA:99,8,1,0
BRDA:119,9,0,0
BRDA:119,9,1,0
BRDA:124,10,0,0
BRDA:124,10,1,0
BRDA:129,11,0,0
BRDA:129,11,1,0
BRDA:136,12,0,0
BRDA:136,12,1,0
BRDA:138,13,0,0
BRDA:138,13,1,0
BRF:28
BRH:0
end_of_record
TN:
SF:src/components/layout/Layout.tsx
FN:6,(anonymous_0)
FNF:1
FNH:0
FNDA:0,(anonymous_0)
DA:1,0
DA:2,0
DA:3,0
DA:4,0
DA:6,0
DA:7,0
DA:8,0
DA:9,0
DA:11,0
DA:22,0
LF:10
LH:0
BRDA:14,0,0,0
BRDA:14,0,1,0
BRDA:14,1,0,0
BRDA:14,1,1,0
BRF:4
BRH:0
end_of_record
TN:
SF:src/components/layout/Logo.tsx
FN:9,(anonymous_0)
FN:14,(anonymous_1)
FNF:2
FNH:0
FNDA:0,(anonymous_0)
FNDA:0,(anonymous_1)
DA:1,0
DA:2,0
DA:3,0
DA:9,0
DA:10,0
DA:11,0
DA:12,0
DA:14,0
DA:15,0
DA:18,0
DA:33,0
LF:11
LH:0
BRDA:9,0,0,0
BRDA:11,1,0,0
BRDA:11,1,1,0
BRDA:12,2,0,0
BRDA:12,2,1,0
BRF:5
BRH:0
end_of_record
TN:
SF:src/components/ui/Button.tsx
FN:11,(anonymous_0)
FNF:1
FNH:0
FNDA:0,(anonymous_0)
DA:1,0
DA:11,0
DA:20,0
DA:22,0
DA:30,0
DA:36,0
DA:57,0
LF:7
LH:0
BRDA:12,0,0,0
BRDA:13,1,0,0
BRDA:15,2,0,0
BRDA:16,3,0,0
BRDA:39,4,0,0
BRDA:39,4,1,0
BRDA:42,5,0,0
BRDA:42,5,1,0
BRF:8
BRH:0
end_of_record
TN:
SF:src/components/ui/Card.tsx
FN:8,(anonymous_0)
FN:21,(anonymous_1)
FN:34,(anonymous_2)
FN:47,(anonymous_3)
FN:60,(anonymous_4)
FN:73,(anonymous_5)
FNF:6
FNH:0
FNDA:0,(anonymous_0)
FNDA:0,(anonymous_1)
FNDA:0,(anonymous_2)
FNDA:0,(anonymous_3)
FNDA:0,(anonymous_4)
FNDA:0,(anonymous_5)
DA:1,0
DA:8,0
DA:9,0
DA:21,0
DA:22,0
DA:34,0
DA:35,0
DA:47,0
DA:48,0
DA:60,0
DA:61,0
DA:73,0
DA:74,0
LF:13
LH:0
BRDA:8,0,0,0
BRDA:21,1,0,0
BRDA:34,2,0,0
BRDA:47,3,0,0
BRDA:60,4,0,0
BRDA:73,5,0,0
BRF:6
BRH:0
end_of_record
TN:
SF:src/components/ui/Container.tsx
FN:9,(anonymous_0)
FNF:1
FNH:0
FNDA:0,(anonymous_0)
DA:1,0
DA:9,0
DA:14,0
DA:22,0
DA:29,0
LF:5
LH:0
BRDA:11,0,0,0
BRDA:12,1,0,0
BRF:2
BRH:0
end_of_record
TN:
SF:src/components/ui/Section.tsx
FN:12,(anonymous_0)
FNF:1
FNH:0
FNDA:0,(anonymous_0)
DA:1,0
DA:2,0
DA:12,0
DA:19,0
DA:30,0
LF:5
LH:0
BRDA:13,0,0,0
BRDA:16,1,0,0
BRDA:17,2,0,0
BRDA:21,3,0,0
BRDA:21,3,1,0
BRF:5
BRH:0
end_of_record
TN:
SF:src/contexts/AuthContext.tsx
FN:14,AuthProvider
FN:18,(anonymous_1)
FN:20,(anonymous_2)
FN:28,(anonymous_3)
FN:32,(anonymous_4)
FN:35,(anonymous_5)
FN:54,useAuth
FNF:7
FNH:0
FNDA:0,AuthProvider
FNDA:0,(anonymous_1)
FNDA:0,(anonymous_2)
FNDA:0,(anonymous_3)
FNDA:0,(anonymous_4)
FNDA:0,(anonymous_5)
FNDA:0,useAuth
DA:1,0
DA:3,0
DA:4,0
DA:12,0
DA:14,0
DA:15,0
DA:16,0
DA:18,0
DA:20,0
DA:21,0
DA:22,0
DA:28,0
DA:29,0
DA:32,0
DA:35,0
DA:36,0
DA:39,0
DA:40,0
DA:47,0
DA:54,0
DA:55,0
DA:56,0
DA:57,0
DA:59,0
LF:24
LH:0
BRDA:21,0,0,0
BRDA:21,0,1,0
BRDA:29,1,0,0
BRDA:29,1,1,0
BRDA:39,2,0,0
BRDA:56,3,0,0
BRF:6
BRH:0
end_of_record
TN:
SF:src/data/blogPosts.ts
FNF:0
FNH:0
DA:3,0
LF:1
LH:0
BRF:0
BRH:0
end_of_record
TN:
SF:src/data/businessLines.ts
FNF:0
FNH:0
DA:3,0
LF:1
LH:0
BRF:0
BRH:0
end_of_record
TN:
SF:src/data/navigation.ts
FNF:0
FNH:0
DA:3,0
DA:44,0
LF:2
LH:0
BRF:0
BRH:0
end_of_record
TN:
SF:src/hooks/useAuditLogs.ts
FN:8,useAuditLogs
FN:12,fetchAuditLogs
FN:36,(anonymous_2)
FNF:3
FNH:0
FNDA:0,useAuditLogs
FNDA:0,fetchAuditLogs
FNDA:0,(anonymous_2)
DA:1,0
DA:2,0
DA:3,0
DA:8,0
DA:9,0
DA:10,0
DA:13,0
DA:14,0
DA:19,0
DA:20,0
DA:23,0
DA:25,0
DA:27,0
DA:29,0
DA:30,0
DA:32,0
DA:36,0
DA:37,0
DA:40,0
LF:19
LH:0
BRDA:19,0,0,0
BRDA:25,1,0,0
BRDA:27,2,0,0
BRDA:27,2,1,0
BRF:4
BRH:0
end_of_record
TN:
SF:src/hooks/useBusinessLines.ts
FN:8,useBusinessLines
FN:12,fetchBusinessLines
FN:30,(anonymous_2)
FNF:3
FNH:0
FNDA:0,useBusinessLines
FNDA:0,fetchBusinessLines
FNDA:0,(anonymous_2)
DA:1,0
DA:2,0
DA:3,0
DA:8,0
DA:9,0
DA:10,0
DA:13,0
DA:14,0
DA:19,0
DA:21,0
DA:23,0
DA:24,0
DA:26,0
DA:30,0
DA:31,0
DA:34,0
LF:16
LH:0
BRDA:19,0,0,0
BRDA:21,1,0,0
BRDA:21,1,1,0
BRF:3
BRH:0
end_of_record
TN:
SF:src/hooks/useLocations.ts
FN:8,useLocations
FN:12,fetchLocations
FN:31,createLocation
FN:49,updateLocation
FN:72,deleteLocation
FN:86,(anonymous_5)
FNF:6
FNH:0
FNDA:0,useLocations
FNDA:0,fetchLocations
FNDA:0,createLocation
FNDA:0,updateLocation
FNDA:0,deleteLocation
FNDA:0,(anonymous_5)
DA:1,0
DA:2,0
DA:3,0
DA:8,0
DA:9,0
DA:10,0
DA:13,0
DA:14,0
DA:20,0
DA:22,0
DA:24,0
DA:25,0
DA:27,0
DA:36,0
DA:37,0
DA:39,0
DA:41,0
DA:42,0
DA:44,0
DA:45,0
DA:56,0
DA:57,0
DA:62,0
DA:64,0
DA:65,0
DA:67,0
DA:68,0
DA:73,0
DA:74,0
DA:76,0
DA:78,0
DA:79,0
DA:81,0
DA:82,0
DA:86,0
DA:87,0
DA:88,0
DA:92,0
LF:38
LH:0
BRDA:20,0,0,0
BRDA:22,1,0,0
BRDA:22,1,1,0
BRDA:39,2,0,0
BRDA:62,3,0,0
BRDA:76,4,0,0
BRDA:87,5,0,0
BRF:7
BRH:0
end_of_record
TN:
SF:src/hooks/useOrganization.ts
FN:25,useOrganization
FN:30,(anonymous_1)
FN:36,(anonymous_2)
FN:73,(anonymous_3)
FNF:4
FNH:0
FNDA:0,useOrganization
FNDA:0,(anonymous_1)
FNDA:0,(anonymous_2)
FNDA:0,(anonymous_3)
DA:1,0
DA:2,0
DA:3,0
DA:4,0
DA:25,0
DA:26,0
DA:27,0
DA:28,0
DA:30,0
DA:31,0
DA:32,0
DA:36,0
DA:37,0
DA:38,0
DA:40,0
DA:47,0
DA:48,0
DA:51,0
DA:57,0
DA:58,0
DA:62,0
DA:64,0
DA:65,0
DA:67,0
DA:69,0
DA:73,0
DA:74,0
DA:75,0
DA:77,0
DA:84,0
DA:86,0
DA:87,0
DA:88,0
DA:90,0
DA:91,0
DA:92,0
DA:96,0
LF:37
LH:0
BRDA:31,0,0,0
BRDA:47,1,0,0
BRDA:47,1,1,0
BRDA:57,2,0,0
BRDA:57,3,0,0
BRDA:57,3,1,0
BRDA:64,4,0,0
BRDA:75,5,0,0
BRDA:84,6,0,0
BRF:9
BRH:0
end_of_record
TN:
SF:src/hooks/useOrganizations.ts
FN:11,useOrganizations
FN:15,fetchOrganizations
FN:36,createOrganization
FN:54,(anonymous_3)
FNF:4
FNH:0
FNDA:0,useOrganizations
FNDA:0,fetchOrganizations
FNDA:0,createOrganization
FNDA:0,(anonymous_3)
DA:1,0
DA:2,0
DA:3,0
DA:11,0
DA:12,0
DA:13,0
DA:16,0
DA:17,0
DA:25,0
DA:27,0
DA:29,0
DA:30,0
DA:32,0
DA:41,0
DA:42,0
DA:44,0
DA:46,0
DA:47,0
DA:49,0
DA:50,0
DA:54,0
DA:55,0
DA:58,0
LF:23
LH:0
BRDA:25,0,0,0
BRDA:27,1,0,0
BRDA:27,1,1,0
BRDA:44,2,0,0
BRF:4
BRH:0
end_of_record
TN:
SF:src/hooks/useTransactions.ts
FN:26,useTransactions
FN:31,(anonymous_1)
FN:38,(anonymous_2)
FN:58,(anonymous_3)
FN:73,(anonymous_4)
FNF:5
FNH:0
FNDA:0,useTransactions
FNDA:0,(anonymous_1)
FNDA:0,(anonymous_2)
FNDA:0,(anonymous_3)
FNDA:0,(anonymous_4)
DA:1,0
DA:2,0
DA:3,0
DA:4,0
DA:5,0
DA:26,0
DA:27,0
DA:28,0
DA:29,0
DA:31,0
DA:32,0
DA:33,0
DA:34,0
DA:38,0
DA:39,0
DA:40,0
DA:41,0
DA:48,0
DA:49,0
DA:51,0
DA:52,0
DA:54,0
DA:58,0
DA:59,0
DA:60,0
DA:66,0
DA:67,0
DA:69,0
DA:73,0
DA:77,0
DA:79,0
DA:82,0
DA:92,0
DA:95,0
DA:96,0
DA:104,0
DA:106,0
DA:107,0
DA:111,0
DA:115,0
DA:116,0
DA:117,0
DA:119,0
DA:121,0
DA:122,0
DA:123,0
DA:127,0
LF:47
LH:0
BRDA:32,0,0,0
BRDA:48,1,0,0
BRDA:49,2,0,0
BRDA:49,2,1,0
BRDA:66,3,0,0
BRDA:67,4,0,0
BRDA:67,4,1,0
BRDA:92,5,0,0
BRDA:95,6,0,0
BRDA:106,7,0,0
BRF:10
BRH:0
end_of_record
TN:
SF:src/hooks/useUsers.ts
FN:15,useUsers
FN:19,fetchUsers
FN:34,(anonymous_2)
FN:37,(anonymous_3)
FN:39,(anonymous_4)
FN:40,(anonymous_5)
FN:52,inviteUser
FN:94,(anonymous_7)
FNF:8
FNH:0
FNDA:0,useUsers
FNDA:0,fetchUsers
FNDA:0,(anonymous_2)
FNDA:0,(anonymous_3)
FNDA:0,(anonymous_4)
FNDA:0,(anonymous_5)
FNDA:0,inviteUser
FNDA:0,(anonymous_7)
DA:1,0
DA:2,0
DA:3,0
DA:15,0
DA:16,0
DA:17,0
DA:20,0
DA:21,0
DA:29,0
DA:31,0
DA:32,0
DA:34,0
DA:37,0
DA:39,0
DA:40,0
DA:43,0
DA:45,0
DA:46,0
DA:48,0
DA:57,0
DA:59,0
DA:64,0
DA:67,0
DA:73,0
DA:76,0
DA:84,0
DA:86,0
DA:87,0
DA:89,0
DA:90,0
DA:94,0
DA:95,0
DA:98,0
LF:33
LH:0
BRDA:29,0,0,0
BRDA:32,1,0,0
BRDA:36,2,0,0
BRDA:36,2,1,0
BRDA:37,3,0,0
BRDA:37,3,1,0
BRDA:38,4,0,0
BRDA:38,4,1,0
BRDA:64,5,0,0
BRDA:73,6,0,0
BRDA:84,7,0,0
BRF:11
BRH:0
end_of_record
TN:
SF:src/lib/alerts.ts
FN:26,(anonymous_0)
FN:56,(anonymous_1)
FN:83,(anonymous_2)
FNF:3
FNH:0
FNDA:0,(anonymous_0)
FNDA:0,(anonymous_1)
FNDA:0,(anonymous_2)
DA:1,0
DA:25,0
DA:31,0
DA:32,0
DA:40,0
DA:46,0
DA:47,0
DA:61,0
DA:68,0
DA:74,0
DA:75,0
DA:87,0
LF:12
LH:0
BRDA:31,0,0,0
BRDA:46,1,0,0
BRDA:74,2,0,0
BRF:3
BRH:0
end_of_record
TN:
SF:src/lib/db.ts
FN:18,(anonymous_0)
FN:25,(anonymous_1)
FNF:2
FNH:0
FNDA:0,(anonymous_0)
FNDA:0,(anonymous_1)
DA:1,0
DA:15,0
DA:16,0
DA:19,0
DA:20,0
DA:26,0
DA:35,0
LF:7
LH:0
BRF:0
BRH:0
end_of_record
TN:
SF:src/lib/excel.ts
FN:9,parseExcelFile
FN:13,(anonymous_1)
FN:16,(anonymous_2)
FN:26,(anonymous_3)
FN:29,(anonymous_4)
FN:40,(anonymous_5)
FN:54,(anonymous_6)
FNF:7
FNH:0
FNDA:0,parseExcelFile
FNDA:0,(anonymous_1)
FNDA:0,(anonymous_2)
FNDA:0,(anonymous_3)
FNDA:0,(anonymous_4)
FNDA:0,(anonymous_5)
FNDA:0,(anonymous_6)
DA:1,0
DA:9,0
DA:13,0
DA:14,0
DA:16,0
DA:17,0
DA:18,0
DA:19,0
DA:20,0
DA:23,0
DA:26,0
DA:27,0
DA:29,0
DA:30,0
DA:31,0
DA:34,0
DA:38,0
DA:39,0
DA:40,0
DA:43,0
DA:44,0
DA:48,0
DA:50,0
DA:54,0
DA:55,0
LF:25
LH:0
BRDA:11,0,0,0
BRDA:30,1,0,0
BRDA:30,1,1,0
BRDA:38,2,0,0
BRDA:43,3,0,0
BRF:5
BRH:0
end_of_record
TN:
SF:src/lib/finance.ts
FN:17,(anonymous_0)
FN:26,(anonymous_1)
FN:47,(anonymous_2)
FN:86,(anonymous_3)
FNF:4
FNH:0
FNDA:0,(anonymous_0)
FNDA:0,(anonymous_1)
FNDA:0,(anonymous_2)
FNDA:0,(anonymous_3)
DA:1,0
DA:2,0
DA:5,0
DA:16,0
DA:19,0
DA:23,0
DA:27,0
DA:29,0
DA:36,0
DA:43,0
DA:44,0
DA:46,0
DA:47,0
DA:48,0
DA:49,0
DA:50,0
DA:51,0
DA:52,0
DA:58,0
DA:61,0
DA:64,0
DA:65,0
DA:68,0
DA:72,0
DA:81,0
DA:82,0
DA:91,0
DA:92,0
DA:93,0
DA:104,0
DA:107,0
DA:113,0
DA:115,0
DA:127,0
LF:34
LH:0
BRDA:46,0,0,0
BRDA:49,1,0,0
BRDA:49,1,1,0
BRDA:51,2,0,0
BRDA:68,3,0,0
BRDA:68,3,1,0
BRDA:91,4,0,0
BRDA:104,5,0,0
BRDA:113,6,0,0
BRF:9
BRH:0
end_of_record
TN:
SF:src/lib/fraud.ts
FN:16,(anonymous_0)
FN:46,(anonymous_1)
FNF:2
FNH:0
FNDA:0,(anonymous_0)
FNDA:0,(anonymous_1)
DA:1,0
DA:2,0
DA:12,0
DA:13,0
DA:14,0
DA:17,0
DA:19,0
DA:27,0
DA:30,0
DA:31,0
DA:34,0
DA:36,0
DA:37,0
DA:39,0
DA:41,0
DA:42,0
DA:47,0
DA:49,0
DA:55,0
DA:58,0
DA:64,0
LF:21
LH:0
BRDA:27,0,0,0
BRDA:34,1,0,0
BRDA:55,2,0,0
BRF:3
BRH:0
end_of_record
TN:
SF:src/lib/supabase.ts
FN:14,checkUserExists
FN:29,createOrganization
FN:49,createOrganizationUser
FN:64,getUserOrganizations
FN:82,archiveOrganization
FNF:5
FNH:0
FNDA:0,checkUserExists
FNDA:0,createOrganization
FNDA:0,createOrganizationUser
FNDA:0,getUserOrganizations
FNDA:0,archiveOrganization
DA:1,0
DA:4,0
DA:5,0
DA:7,0
DA:8,0
DA:11,0
DA:14,0
DA:15,0
DA:21,0
DA:22,0
DA:25,0
DA:29,0
DA:35,0
DA:41,0
DA:42,0
DA:45,0
DA:49,0
DA:54,0
DA:58,0
DA:59,0
DA:64,0
DA:65,0
DA:74,0
DA:75,0
DA:78,0
DA:82,0
DA:83,0
DA:88,0
DA:89,0
LF:29
LH:0
BRDA:7,0,0,0
BRDA:7,1,0,0
BRDA:7,1,1,0
BRDA:21,2,0,0
BRDA:41,3,0,0
BRDA:58,4,0,0
BRDA:74,5,0,0
BRDA:88,6,0,0
BRF:8
BRH:0
end_of_record
TN:
SF:src/lib/sync.ts
FN:17,(anonymous_0)
FN:22,(anonymous_1)
FN:27,(anonymous_2)
FN:32,(anonymous_3)
FN:37,(anonymous_4)
FN:42,(anonymous_5)
FN:48,(anonymous_6)
FN:76,(anonymous_7)
FNF:8
FNH:0
FNDA:0,(anonymous_0)
FNDA:0,(anonymous_1)
FNDA:0,(anonymous_2)
FNDA:0,(anonymous_3)
FNDA:0,(anonymous_4)
FNDA:0,(anonymous_5)
FNDA:0,(anonymous_6)
FNDA:0,(anonymous_7)
DA:1,0
DA:2,0
DA:3,0
DA:17,0
DA:18,0
DA:19,0
DA:20,0
DA:24,0
DA:27,0
DA:28,0
DA:32,0
DA:33,0
DA:34,0
DA:37,0
DA:38,0
DA:43,0
DA:44,0
DA:54,0
DA:55,0
DA:57,0
DA:61,0
DA:69,0
DA:70,0
DA:73,0
DA:77,0
DA:79,0
DA:80,0
DA:85,0
DA:86,0
DA:88,0
DA:100,0
DA:103,0
DA:109,0
DA:110,0
DA:116,0
DA:122,0
LF:36
LH:0
BRDA:43,0,0,0
BRDA:69,1,0,0
BRDA:77,2,0,0
BRDA:100,3,0,0
BRF:4
BRH:0
end_of_record
TN:
SF:src/pages/About.tsx
FN:5,About
FNF:1
FNH:0
FNDA:0,About
DA:1,0
DA:2,0
DA:3,0
DA:5,0
DA:6,0
LF:5
LH:0
BRF:0
BRH:0
end_of_record
TN:
SF:src/pages/Contact.tsx
FN:5,Contact
FN:14,(anonymous_1)
FN:20,(anonymous_2)
FNF:3
FNH:0
FNDA:0,Contact
FNDA:0,(anonymous_1)
FNDA:0,(anonymous_2)
DA:1,0
DA:2,0
DA:3,0
DA:5,0
DA:6,0
DA:14,0
DA:15,0
DA:17,0
DA:20,0
DA:21,0
DA:27,0
LF:11
LH:0
BRF:0
BRH:0
end_of_record
TN:
SF:src/pages/Dashboard.tsx
FN:11,Dashboard
FN:33,(anonymous_1)
FN:50,(anonymous_2)
FN:67,(anonymous_3)
FNF:4
FNH:0
FNDA:0,Dashboard
FNDA:0,(anonymous_1)
FNDA:0,(anonymous_2)
FNDA:0,(anonymous_3)
DA:1,0
DA:2,0
DA:3,0
DA:4,0
DA:5,0
DA:6,0
DA:7,0
DA:8,0
DA:9,0
DA:11,0
DA:12,0
DA:13,0
DA:15,0
DA:23,0
DA:34,0
DA:50,0
DA:67,0
LF:17
LH:0
BRDA:70,0,0,0
BRDA:70,0,1,0
BRF:2
BRH:0
end_of_record
TN:
SF:src/pages/Home.tsx
FN:9,(anonymous_0)
FNF:1
FNH:0
FNDA:0,(anonymous_0)
DA:1,0
DA:2,0
DA:3,0
DA:4,0
DA:5,0
DA:6,0
DA:7,0
DA:9,0
DA:10,0
DA:22,0
LF:10
LH:0
BRF:0
BRH:0
end_of_record
TN:
SF:src/pages/Pricing.tsx
FN:5,Pricing
FNF:1
FNH:0
FNDA:0,Pricing
DA:1,0
DA:2,0
DA:3,0
DA:5,0
DA:6,0
LF:5
LH:0
BRF:0
BRH:0
end_of_record
TN:
SF:src/pages/admin/FAQs.tsx
FN:14,FAQsAdmin
FN:20,(anonymous_1)
FN:24,(anonymous_2)
FN:41,(anonymous_3)
FN:69,(anonymous_4)
FN:71,(anonymous_5)
FN:76,(anonymous_6)
FN:94,(anonymous_7)
FN:167,(anonymous_8)
FN:198,(anonymous_9)
FN:210,(anonymous_10)
FN:216,(anonymous_11)
FNF:12
FNH:0
FNDA:0,FAQsAdmin
FNDA:0,(anonymous_1)
FNDA:0,(anonymous_2)
FNDA:0,(anonymous_3)
FNDA:0,(anonymous_4)
FNDA:0,(anonymous_5)
FNDA:0,(anonymous_6)
FNDA:0,(anonymous_7)
FNDA:0,(anonymous_8)
FNDA:0,(anonymous_9)
FNDA:0,(anonymous_10)
FNDA:0,(anonymous_11)
DA:1,0
DA:2,0
DA:3,0
DA:4,0
DA:5,0
DA:14,0
DA:15,0
DA:16,0
DA:17,0
DA:18,0
DA:20,0
DA:21,0
DA:24,0
DA:25,0
DA:26,0
DA:31,0
DA:32,0
DA:34,0
DA:35,0
DA:37,0
DA:41,0
DA:42,0
DA:43,0
DA:44,0
DA:49,0
DA:50,0
DA:52,0
DA:56,0
DA:57,0
DA:60,0
DA:61,0
DA:62,0
DA:64,0
DA:65,0
DA:69,0
DA:70,0
DA:71,0
DA:72,0
DA:76,0
DA:77,0
DA:79,0
DA:80,0
DA:85,0
DA:86,0
DA:87,0
DA:89,0
DA:90,0
DA:94,0
DA:95,0
DA:96,0
DA:97,0
DA:98,0
DA:100,0
DA:101,0
DA:105,0
DA:106,0
DA:113,0
DA:168,0
DA:169,0
DA:199,0
DA:210,0
DA:216,0
LF:62
LH:0
BRDA:31,0,0,0
BRDA:32,1,0,0
BRDA:32,1,1,0
BRDA:43,2,0,0
BRDA:43,2,1,0
BRDA:49,3,0,0
BRDA:56,4,0,0
BRDA:77,5,0,0
BRDA:85,6,0,0
BRDA:97,7,0,0
BRDA:105,8,0,0
BRDA:124,9,0,0
BRDA:124,9,1,0
BRDA:164,10,0,0
BRDA:164,10,1,0
BRDA:180,11,0,0
BRDA:180,11,1,0
BRF:17
BRH:0
end_of_record
TN:
SF:src/pages/auth/Signup.tsx
FN:15,(anonymous_0)
FN:20,(anonymous_1)
FN:25,Signup
FN:32,(anonymous_3)
FN:147,(anonymous_4)
FN:210,(anonymous_5)
FNF:6
FNH:0
FNDA:0,(anonymous_0)
FNDA:0,(anonymous_1)
FNDA:0,Signup
FNDA:0,(anonymous_3)
FNDA:0,(anonymous_4)
FNDA:0,(anonymous_5)
DA:1,0
DA:2,0
DA:3,0
DA:4,0
DA:5,0
DA:6,0
DA:7,0
DA:8,0
DA:9,0
DA:10,0
DA:12,0
DA:16,0
DA:17,0
DA:20,0
DA:25,0
DA:26,0
DA:27,0
DA:28,0
DA:32,0
DA:33,0
DA:35,0
DA:36,0
DA:37,0
DA:38,0
DA:42,0
DA:49,0
DA:52,0
DA:54,0
DA:55,0
DA:57,0
DA:58,0
DA:62,0
DA:63,0
DA:70,0
DA:148,0
DA:210,0
LF:36
LH:0
BRDA:17,0,0,0
BRDA:17,0,1,0
BRDA:36,1,0,0
BRDA:49,2,0,0
BRDA:62,3,0,0
BRDA:95,4,0,0
BRDA:95,4,1,0
BRDA:112,5,0,0
BRDA:112,5,1,0
BRDA:130,6,0,0
BRDA:130,6,1,0
BRDA:153,7,0,0
BRDA:153,7,1,0
BRDA:176,8,0,0
BRDA:176,8,1,0
BRDA:187,9,0,0
BRDA:187,9,1,0
BRF:17
BRH:0
end_of_record
TN:
SF:src/pages/auth/Verify.tsx
FN:7,Verify
FN:14,(anonymous_1)
FN:24,(anonymous_2)
FN:25,(anonymous_3)
FN:28,(anonymous_4)
FN:31,(anonymous_5)
FN:45,(anonymous_6)
FN:52,(anonymous_7)
FN:81,(anonymous_8)
FN:122,(anonymous_9)
FN:129,(anonymous_10)
FN:130,(anonymous_11)
FNF:12
FNH:0
FNDA:0,Verify
FNDA:0,(anonymous_1)
FNDA:0,(anonymous_2)
FNDA:0,(anonymous_3)
FNDA:0,(anonymous_4)
FNDA:0,(anonymous_5)
FNDA:0,(anonymous_6)
FNDA:0,(anonymous_7)
FNDA:0,(anonymous_8)
FNDA:0,(anonymous_9)
FNDA:0,(anonymous_10)
FNDA:0,(anonymous_11)
DA:1,0
DA:2,0
DA:3,0
DA:4,0
DA:5,0
DA:7,0
DA:8,0
DA:9,0
DA:10,0
DA:11,0
DA:12,0
DA:14,0
DA:16,0
DA:17,0
DA:18,0
DA:19,0
DA:21,0
DA:24,0
DA:25,0
DA:28,0
DA:31,0
DA:32,0
DA:34,0
DA:35,0
DA:36,0
DA:39,0
DA:40,0
DA:41,0
DA:45,0
DA:46,0
DA:47,0
DA:48,0
DA:52,0
DA:53,0
DA:54,0
DA:55,0
DA:56,0
DA:59,0
DA:60,0
DA:61,0
DA:66,0
DA:69,0
DA:71,0
DA:72,0
DA:74,0
DA:75,0
DA:77,0
DA:81,0
DA:82,0
DA:84,0
DA:85,0
DA:86,0
DA:91,0
DA:93,0
DA:94,0
DA:96,0
DA:97,0
DA:99,0
DA:103,0
DA:123,0
DA:129,0
DA:130,0
LF:62
LH:0
BRDA:17,0,0,0
BRDA:25,1,0,0
BRDA:25,1,1,0
BRDA:32,2,0,0
BRDA:39,3,0,0
BRDA:39,4,0,0
BRDA:39,4,1,0
BRDA:46,5,0,0
BRDA:46,6,0,0
BRDA:46,6,1,0
BRDA:46,6,2,0
BRDA:54,7,0,0
BRDA:66,8,0,0
BRDA:82,9,0,0
BRDA:91,10,0,0
BRDA:143,11,0,0
BRDA:143,11,1,0
BRDA:154,12,0,0
BRDA:154,12,1,0
BRDA:157,13,0,0
BRDA:157,13,1,0
BRF:21
BRH:0
end_of_record
TN:
SF:src/pages/dashboard/Home.tsx
FN:6,DashboardHome
FN:69,(anonymous_1)
FNF:2
FNH:0
FNDA:0,DashboardHome
FNDA:0,(anonymous_1)
DA:1,0
DA:2,0
DA:3,0
DA:4,0
DA:6,0
DA:7,0
DA:8,0
DA:10,0
DA:69,0
LF:9
LH:0
BRDA:69,0,0,0
BRDA:69,0,1,0
BRF:2
BRH:0
end_of_record
TN:
SF:src/pages/dashboard/Organizations.tsx
FN:8,OrganizationsPage
FN:22,(anonymous_1)
FN:36,(anonymous_2)
FNF:3
FNH:0
FNDA:0,OrganizationsPage
FNDA:0,(anonymous_1)
FNDA:0,(anonymous_2)
DA:1,0
DA:2,0
DA:3,0
DA:4,0
DA:5,0
DA:6,0
DA:8,0
DA:9,0
DA:10,0
DA:12,0
DA:22,0
DA:36,0
LF:12
LH:0
BRDA:31,0,0,0
BRDA:31,0,1,0
BRDA:35,1,0,0
BRDA:35,1,1,0
BRF:4
BRH:0
end_of_record
TN:
SF:src/pages/dashboard/Settings.tsx
FN:3,SettingsPage
FN:17,(anonymous_1)
FNF:2
FNH:0
FNDA:0,SettingsPage
FNDA:0,(anonymous_1)
DA:1,0
DA:3,0
DA:4,0
DA:17,0
LF:4
LH:0
BRF:0
BRH:0
end_of_record
TN:
SF:src/pages/dashboard/Transactions.tsx
FN:12,TransactionsPage
FN:18,(anonymous_1)
FN:27,(anonymous_2)
FN:37,(anonymous_3)
FN:48,(anonymous_4)
FN:53,(anonymous_5)
FN:99,(anonymous_6)
FN:116,(anonymous_7)
FN:126,(anonymous_8)
FN:177,(anonymous_9)
FNF:10
FNH:0
FNDA:0,TransactionsPage
FNDA:0,(anonymous_1)
FNDA:0,(anonymous_2)
FNDA:0,(anonymous_3)
FNDA:0,(anonymous_4)
FNDA:0,(anonymous_5)
FNDA:0,(anonymous_6)
FNDA:0,(anonymous_7)
FNDA:0,(anonymous_8)
FNDA:0,(anonymous_9)
DA:1,0
DA:2,0
DA:3,0
DA:4,0
DA:5,0
DA:6,0
DA:7,0
DA:8,0
DA:9,0
DA:12,0
DA:13,0
DA:14,0
DA:15,0
DA:16,0
DA:18,0
DA:19,0
DA:27,0
DA:28,0
DA:34,0
DA:37,0
DA:38,0
DA:39,0
DA:40,0
DA:41,0
DA:42,0
DA:44,0
DA:48,0
DA:50,0
DA:51,0
DA:53,0
DA:62,0
DA:63,0
DA:64,0
DA:65,0
DA:66,0
DA:67,0
DA:68,0
DA:69,0
DA:70,0
DA:73,0
DA:74,0
DA:81,0
DA:99,0
DA:116,0
DA:126,0
DA:178,0
LF:46
LH:0
BRDA:34,0,0,0
BRDA:34,0,1,0
BRDA:39,1,0,0
BRDA:39,1,1,0
BRDA:41,2,0,0
BRDA:41,2,1,0
BRDA:73,3,0,0
BRDA:111,4,0,0
BRDA:111,4,1,0
BRDA:125,5,0,0
BRDA:125,5,1,0
BRDA:129,6,0,0
BRDA:129,6,1,0
BRDA:134,7,0,0
BRDA:134,7,1,0
BRDA:148,8,0,0
BRDA:148,8,1,0
BRDA:152,9,0,0
BRDA:152,9,1,0
BRF:19
BRH:0
end_of_record
TN:
SF:src/pages/dashboard/Users.tsx
FN:4,Users
FNF:1
FNH:0
FNDA:0,Users
DA:1,0
DA:2,0
DA:4,0
DA:5,0
LF:4
LH:0
BRF:0
BRH:0
end_of_record
TN:
SF:src/pages/dashboard/admin/AddClient.tsx
FN:16,(anonymous_0)
FN:25,AddClient
FN:33,(anonymous_2)
FN:142,(anonymous_3)
FN:156,(anonymous_4)
FNF:5
FNH:0
FNDA:0,(anonymous_0)
FNDA:0,AddClient
FNDA:0,(anonymous_2)
FNDA:0,(anonymous_3)
FNDA:0,(anonymous_4)
DA:1,0
DA:2,0
DA:3,0
DA:4,0
DA:5,0
DA:6,0
DA:7,0
DA:8,0
DA:9,0
DA:10,0
DA:11,0
DA:13,0
DA:17,0
DA:18,0
DA:25,0
DA:26,0
DA:27,0
DA:28,0
DA:29,0
DA:33,0
DA:34,0
DA:36,0
DA:47,0
DA:50,0
DA:57,0
DA:59,0
DA:60,0
DA:62,0
DA:63,0
DA:67,0
DA:68,0
DA:75,0
DA:143,0
DA:156,0
LF:34
LH:0
BRDA:18,0,0,0
BRDA:18,0,1,0
BRDA:47,1,0,0
BRDA:57,2,0,0
BRDA:67,3,0,0
BRDA:96,4,0,0
BRDA:96,4,1,0
BRDA:111,5,0,0
BRDA:111,5,1,0
BRDA:127,6,0,0
BRDA:127,6,1,0
BRDA:148,7,0,0
BRDA:148,7,1,0
BRDA:166,8,0,0
BRDA:166,8,1,0
BRF:15
BRH:0
end_of_record
TN:
SF:src/pages/dashboard/admin/AuditLogList.tsx
FN:19,AuditLogList
FN:23,(anonymous_1)
FN:24,(anonymous_2)
FN:86,(anonymous_3)
FNF:4
FNH:0
FNDA:0,AuditLogList
FNDA:0,(anonymous_1)
FNDA:0,(anonymous_2)
FNDA:0,(anonymous_3)
DA:1,0
DA:2,0
DA:3,0
DA:4,0
DA:19,0
DA:20,0
DA:21,0
DA:23,0
DA:24,0
DA:25,0
DA:26,0
DA:35,0
DA:36,0
DA:38,0
DA:40,0
DA:44,0
DA:47,0
DA:48,0
DA:55,0
DA:87,0
LF:20
LH:0
BRDA:35,0,0,0
BRDA:36,1,0,0
BRDA:36,1,1,0
BRDA:47,2,0,0
BRDA:96,3,0,0
BRDA:96,3,1,0
BRDA:97,4,0,0
BRDA:97,4,1,0
BRDA:108,5,0,0
BRDA:108,5,1,0
BRF:10
BRH:0
end_of_record
TN:
SF:src/pages/dashboard/admin/ClientList.tsx
FN:21,ClientList
FN:26,(anonymous_1)
FN:49,(anonymous_2)
FN:53,(anonymous_3)
FN:67,(anonymous_4)
FN:105,(anonymous_5)
FN:135,(anonymous_6)
FN:157,(anonymous_7)
FN:163,(anonymous_8)
FNF:9
FNH:0
FNDA:0,ClientList
FNDA:0,(anonymous_1)
FNDA:0,(anonymous_2)
FNDA:0,(anonymous_3)
FNDA:0,(anonymous_4)
FNDA:0,(anonymous_5)
FNDA:0,(anonymous_6)
FNDA:0,(anonymous_7)
FNDA:0,(anonymous_8)
DA:1,0
DA:2,0
DA:3,0
DA:4,0
DA:5,0
DA:6,0
DA:21,0
DA:22,0
DA:23,0
DA:24,0
DA:26,0
DA:27,0
DA:28,0
DA:39,0
DA:40,0
DA:42,0
DA:43,0
DA:45,0
DA:49,0
DA:50,0
DA:53,0
DA:54,0
DA:55,0
DA:59,0
DA:60,0
DA:62,0
DA:63,0
DA:67,0
DA:68,0
DA:69,0
DA:72,0
DA:73,0
DA:78,0
DA:79,0
DA:80,0
DA:82,0
DA:83,0
DA:87,0
DA:88,0
DA:95,0
DA:105,0
DA:136,0
DA:157,0
DA:163,0
LF:44
LH:0
BRDA:39,0,0,0
BRDA:40,1,0,0
BRDA:40,1,1,0
BRDA:59,2,0,0
BRDA:68,3,0,0
BRDA:78,4,0,0
BRDA:87,5,0,0
BRDA:145,6,0,0
BRDA:145,6,1,0
BRDA:149,7,0,0
BRDA:149,7,1,0
BRF:11
BRH:0
end_of_record
TN:
SF:src/pages/solutions/GroceryPOS.tsx
FN:8,GroceryPOS
FNF:1
FNH:0
FNDA:0,GroceryPOS
DA:1,0
DA:2,0
DA:3,0
DA:8,0
DA:9,0
LF:5
LH:0
BRF:0
BRH:0
end_of_record
TN:
SF:src/pages/solutions/MerchantServices.tsx
FN:8,MerchantServices
FN:11,(anonymous_1)
FN:15,(anonymous_2)
FNF:3
FNH:0
FNDA:0,MerchantServices
FNDA:0,(anonymous_1)
FNDA:0,(anonymous_2)
DA:1,0
DA:2,0
DA:3,0
DA:4,0
DA:8,0
DA:9,0
DA:11,0
DA:12,0
DA:15,0
DA:16,0
DA:19,0
LF:11
LH:0
BRF:0
BRH:0
end_of_record
TN:
SF:src/pages/solutions/PayrollPricing.tsx
FN:6,PayrollPricing
FN:9,(anonymous_1)
FN:13,(anonymous_2)
FNF:3
FNH:0
FNDA:0,PayrollPricing
FNDA:0,(anonymous_1)
FNDA:0,(anonymous_2)
DA:1,0
DA:2,0
DA:3,0
DA:4,0
DA:6,0
DA:7,0
DA:9,0
DA:10,0
DA:13,0
DA:14,0
DA:17,0
LF:11
LH:0
BRF:0
BRH:0
end_of_record
TN:
SF:src/pages/solutions/PayrollSolution.tsx
FN:9,PayrollSolution
FN:12,(anonymous_1)
FN:16,(anonymous_2)
FNF:3
FNH:0
FNDA:0,PayrollSolution
FNDA:0,(anonymous_1)
FNDA:0,(anonymous_2)
DA:1,0
DA:2,0
DA:3,0
DA:4,0
DA:9,0
DA:10,0
DA:12,0
DA:13,0
DA:16,0
DA:17,0
DA:20,0
LF:11
LH:0
BRF:0
BRH:0
end_of_record
TN:
SF:src/pages/solutions/RestaurantPOS.tsx
FN:9,RestaurantPOS
FN:12,(anonymous_1)
FN:16,(anonymous_2)
FNF:3
FNH:0
FNDA:0,RestaurantPOS
FNDA:0,(anonymous_1)
FNDA:0,(anonymous_2)
DA:1,0
DA:2,0
DA:3,0
DA:4,0
DA:9,0
DA:10,0
DA:12,0
DA:13,0
DA:16,0
DA:17,0
DA:20,0
LF:11
LH:0
BRF:0
BRH:0
end_of_record
